  Log Name: Setup
  Source: Microsoft-Windows-Servicing
  Date: 2023-04-21T23:11:09.3360000Z
  Event ID: 8
  Task: N/A
  Level: 정보
  Opcode: 정보
  Keyword: N/A
  User: S-1-5-18
  User Name: NT AUTHORITY\SYSTEM
  Computer: DESKTOP-SEBGP1U
  Description: 
Initiating changes to turn off update SMB1Protocol-Deprecation of package Microsoft-Windows-SMB1Deprecation. Client id: SMBComponentDisabler.

Event[48]:
  Log Name: Setup
  Source: Microsoft-Windows-Servicing
  Date: 2023-04-21T23:31:14.4500000Z
  Event ID: 8
  Task: N/A
  Level: 정보
  Opcode: 정보
  Keyword: N/A
  User: S-1-5-18
  User Name: NT AUTHORITY\SYSTEM
  Computer: DESKTOP-SEBGP1U
  Description: 
Initiating changes to turn off update SMB1Protocol-Client of package Microsoft-Windows-SMB1. Client id: SMBComponentDisabler.

Event[49]:
  Log Name: Setup
  Source: Microsoft-Windows-Servicing
  Date: 2023-04-21T23:31:14.4500000Z
  Event ID: 8
  Task: N/A
  Level: 정보
  Opcode: 정보
  Keyword: N/A
  User: S-1-5-18
  User Name: NT AUTHORITY\SYSTEM
  Computer: DESKTOP-SEBGP1U
  Description: 
Initiating changes to turn off update SMB1Protocol of package Microsoft-Windows-SMB1. Client id: SMBComponentDisabler.

Event[50]:
  Log Name: Setup
  Source: Microsoft-Windows-Servicing
  Date: 2023-04-21T23:31:14.4510000Z
  Event ID: 8
  Task: N/A
  Level: 정보
  Opcode: 정보
  Keyword: N/A
  User: S-1-5-18
  User Name: NT AUTHORITY\SYSTEM
  Computer: DESKTOP-SEBGP1U
  Description: 
Initiating changes to turn off update SMB1Protocol-Deprecation of package Microsoft-Windows-SMB1Deprecation. Client id: SMBComponentDisabler.

Event[51]:
  Log Name: Setup
  Source: Microsoft-Windows-Servicing
  Date: 2023-04-21T23:51:11.7020000Z
  Event ID: 8
  Task: N/A
  Level: 정보
  Opcode: 정보
  Keyword: N/A
  User: S-1-5-18
  User Name: NT AUTHORITY\SYSTEM
  Computer: DESKTOP-SEBGP1U
  Description: 
Initiating changes to turn off update SMB1Protocol-Client of package Microsoft-Windows-SMB1. Client id: SMBComponentDisabler.

Event[52]:
  Log Name: Setup
  Source: Microsoft-Windows-Servicing
  Date: 2023-04-21T23:51:11.7020000Z
  Event ID: 8
  Task: N/A
  Level: 정보
  Opcode: 정보
  Keyword: N/A
  User: S-1-5-18
  User Name: NT AUTHORITY\SYSTEM
  Computer: DESKTOP-SEBGP1U
  Description: 
Initiating changes to turn off update SMB1Protocol of package Microsoft-Windows-SMB1. Client id: SMBComponentDisabler.

Event[53]:
  Log Name: Setup
  Source: Microsoft-Windows-Servicing
  Date: 2023-04-21T23:51:11.7030000Z
  Event ID: 8
  Task: N/A
  Level: 정보
  Opcode: 정보
  Keyword: N/A
  User: S-1-5-18
  User Name: NT AUTHORITY\SYSTEM
  Computer: DESKTOP-SEBGP1U
  Description: 
Initiating changes to turn off update SMB1Protocol-Deprecation of package Microsoft-Windows-SMB1Deprecation. Client id: SMBComponentDisabler.

Event[54]:
  Log Name: Setup
  Source: Microsoft-Windows-Servicing
  Date: 2023-04-21T23:52:44.4550000Z
  Event ID: 14
  Task: N/A
  Level: 정보
  Opcode: 정보
  Keyword: N/A
  User: S-1-5-18
  User Name: NT AUTHORITY\SYSTEM
  Computer: DESKTOP-SEBGP1U
  Description: 
A reboot is necessary before the selectable update SMB1Protocol-Client of package Microsoft-Windows-SMB1 can be turned off.

Event[55]:
  Log Name: Setup
  Source: Microsoft-Windows-Servicing
  Date: 2023-04-21T23:52:44.4550000Z
  Event ID: 14
  Task: N/A
  Level: 정보
  Opcode: 정보
  Keyword: N/A
  User: S-1-5-18
  User Name: NT AUTHORITY\SYSTEM
  Computer: DESKTOP-SEBGP1U
  Description: 
A reboot is necessary before the selectable update SMB1Protocol of package Microsoft-Windows-SMB1 can be turned off.

Event[56]:
  Log Name: Setup
  Source: Microsoft-Windows-Servicing
  Date: 2023-04-21T23:52:44.4550000Z
  Event ID: 14
  Task: N/A
  Level: 정보
  Opcode: 정보
  Keyword: N/A
  User: S-1-5-18
  User Name: NT AUTHORITY\SYSTEM
  Computer: DESKTOP-SEBGP1U
  Description: 
A reboot is necessary before the selectable update SMB1Protocol-Deprecation of package Microsoft-Windows-SMB1Deprecation can be turned off.

Event[57]:
  Log Name: Setup
  Source: Microsoft-Windows-Servicing
  Date: 2023-04-21T23:53:09.4190000Z
  Event ID: 10
  Task: N/A
  Level: 정보
  Opcode: 정보
  Keyword: N/A
  User: S-1-5-18
  User Name: NT AUTHORITY\SYSTEM
  Computer: DESKTOP-SEBGP1U
  Description: 
Selectable update SMB1Protocol-Client of package Microsoft-Windows-SMB1 was successfully turned off.

Event[58]:
  Log Name: Setup
  Source: Microsoft-Windows-Servicing
  Date: 2023-04-21T23:53:09.4190000Z
  Event ID: 10
  Task: N/A
  Level: 정보
  Opcode: 정보
  Keyword: N/A
  User: S-1-5-18
  User Name: NT AUTHORITY\SYSTEM
  Computer: DESKTOP-SEBGP1U
  Description: 
Selectable update SMB1Protocol of package Microsoft-Windows-SMB1 was successfully turned off.

Event[59]:
  Log Name: Setup
  Source: Microsoft-Windows-Servicing
  Date: 2023-04-21T23:53:09.4190000Z
  Event ID: 10
  Task: N/A
  Level: 정보
  Opcode: 정보
  Keyword: N/A
  User: S-1-5-18
  User Name: NT AUTHORITY\SYSTEM
  Computer: DESKTOP-SEBGP1U
  Description: 
Selectable update SMB1Protocol-Deprecation of package Microsoft-Windows-SMB1Deprecation was successfully turned off.

Event[60]:
  Log Name: Setup
  Source: Microsoft-Windows-Servicing
  Date: 2023-04-22T15:35:44.3180000Z
  Event ID: 1
  Task: N/A
  Level: 정보
  Opcode: 정보
  Keyword: N/A
  User: S-1-5-18
  User Name: NT AUTHORITY\SYSTEM
  Computer: DESKTOP-SEBGP1U
  Description: 
Initiating changes for package KB5022834. Current state is Superseded. Target state is Absent. Client id: CbsTask.

Event[61]:
  Log Name: Setup
  Source: Microsoft-Windows-Servicing
  Date: 2023-05-05T15:28:45.4450000Z
  Event ID: 1
  Task: N/A
  Level: 정보
  Opcode: 정보
  Keyword: N/A
  User: S-1-5-18
  User Name: NT AUTHORITY\SYSTEM
  Computer: DESKTOP-SEBGP1U
  Description: 
Initiating changes for package KB5025183. Current state is Absent. Target state is Installed. Client id: WindowsUpdateAgent.

Event[62]:
  Log Name: Setup
  Source: Microsoft-Windows-Servicing
  Date: 2023-05-13T23:35:49.0890000Z
  Event ID: 1
  Task: N/A
  Level: 정보
  Opcode: 정보
  Keyword: N/A
  User: S-1-5-18
  User Name: NT AUTHORITY\SYSTEM
  Computer: DESKTOP-SEBGP1U
  Description: 
Initiating changes for package KB5025315. Current state is Absent. Target state is Installed. Client id: UpdateAgentLCU.

Event[63]:
  Log Name: Setup
  Source: Microsoft-Windows-Servicing
  Date: 2023-05-13T23:35:54.2430000Z
  Event ID: 2
  Task: N/A
  Level: 정보
  Opcode: 정보
  Keyword: N/A
  User: S-1-5-18
  User Name: NT AUTHORITY\SYSTEM
  Computer: DESKTOP-SEBGP1U
  Description: 
Package KB5025315 was successfully changed to the Installed state.

Event[64]:
  Log Name: Setup
  Source: Microsoft-Windows-Servicing
  Date: 2023-05-13T23:36:04.6270000Z
  Event ID: 1
  Task: N/A
  Level: 정보
  Opcode: 정보
  Keyword: N/A
  User: S-1-5-18
  User Name: NT AUTHORITY\SYSTEM
  Computer: DESKTOP-SEBGP1U
  Description: 
Initiating changes for package KB5026361. Current state is Absent. Target state is Installed. Client id: UpdateAgentLCU.

Event[65]:
  Log Name: Setup
  Source: Microsoft-Windows-Servicing
  Date: 2023-05-13T23:42:41.4750000Z
  Event ID: 4
  Task: N/A
  Level: 정보
  Opcode: 정보
  Keyword: N/A
  User: S-1-5-18
  User Name: NT AUTHORITY\SYSTEM
  Computer: DESKTOP-SEBGP1U
  Description: 
A reboot is necessary before package KB5026361 can be changed to the Installed state.

Event[66]:
  Log Name: Setup
  Source: Microsoft-Windows-Servicing
  Date: 2023-05-14T20:28:30.8460000Z
  Event ID: 4
  Task: N/A
  Level: 정보
  Opcode: 정보
  Keyword: N/A
  User: S-1-5-18
  User Name: NT AUTHORITY\SYSTEM
  Computer: DESKTOP-SEBGP1U
  Description: 
A reboot is necessary before package KB5025183 can be changed to the Installed state.

Event[67]:
  Log Name: Setup
  Source: Microsoft-Windows-Servicing
  Date: 2023-05-14T20:29:25.1690000Z
  Event ID: 2
  Task: N/A
  Level: 정보
  Opcode: 정보
  Keyword: N/A
  User: S-1-5-18
  User Name: NT AUTHORITY\SYSTEM
  Computer: DESKTOP-SEBGP1U
  Description: 
Package KB5025183 was successfully changed to the Installed state.

Event[68]:
  Log Name: Setup
  Source: Microsoft-Windows-Servicing
  Date: 2023-05-14T20:29:25.2590000Z
  Event ID: 2
  Task: N/A
  Level: 정보
  Opcode: 정보
  Keyword: N/A
  User: S-1-5-18
  User Name: NT AUTHORITY\SYSTEM
  Computer: DESKTOP-SEBGP1U
  Description: 
Package KB5026361 was successfully changed to the Installed state.

Event[69]:
  Log Name: Setup
  Source: Microsoft-Windows-Servicing
  Date: 2023-05-21T16:05:19.0560000Z
  Event ID: 1
  Task: N/A
  Level: 정보
  Opcode: 정보
  Keyword: N/A
  User: S-1-5-18
  User Name: NT AUTHORITY\SYSTEM
  Computer: DESKTOP-SEBGP1U
  Description: 
Initiating changes for package KB5023696. Current state is Superseded. Target state is Absent. Client id: CbsTask.

Event[70]:
  Log Name: Setup
  Source: Microsoft-Windows-Servicing
  Date: 2023-05-21T16:05:58.4850000Z
  Event ID: 1
  Task: N/A
  Level: 정보
  Opcode: 정보
  Keyword: N/A
  User: S-1-5-18
  User Name: NT AUTHORITY\SYSTEM
  Computer: DESKTOP-SEBGP1U
  Description: 
Initiating changes for package KB777778. Current state is Superseded. Target state is Absent. Client id: CbsTask.

Event[71]:
  Log Name: Setup
  Source: Microsoft-Windows-Servicing
  Date: 2023-06-11T01:06:51.3690000Z
  Event ID: 1
  Task: N/A
  Level: 정보
  Opcode: 정보
  Keyword: N/A
  User: S-1-5-18
  User Name: NT AUTHORITY\SYSTEM
  Computer: DESKTOP-SEBGP1U
  Description: 
Initiating changes for package KB5026361. Current state is Installed. Target state is Installed. Client id: LCUReservicing.

Event[72]:
  Log Name: Setup
  Source: Microsoft-Windows-Servicing
  Date: 2023-06-11T01:07:01.1380000Z
  Event ID: 2
  Task: N/A
  Level: 정보
  Opcode: 정보
  Keyword: N/A
  User: S-1-5-18
  User Name: NT AUTHORITY\SYSTEM
  Computer: DESKTOP-SEBGP1U
  Description: 
Package KB5026361 was successfully changed to the Installed state.

Event[73]:
  Log Name: Setup
  Source: Microsoft-Windows-Servicing
  Date: 2023-06-11T01:07:03.8270000Z
  Event ID: 1
  Task: N/A
  Level: 정보
  Opcode: 정보
  Keyword: N/A
  User: S-1-5-18
  User Name: NT AUTHORITY\SYSTEM
  Computer: DESKTOP-SEBGP1U
  Description: 
Initiating changes for package KB5026361. Current state is Installed. Target state is Installed. Client id: LCUReservicing.

Event[74]:
  Log Name: Setup
  Source: Microsoft-Windows-Servicing
  Date: 2023-06-11T01:07:09.8120000Z
  Event ID: 2
  Task: N/A
  Level: 정보
  Opcode: 정보
  Keyword: N/A
  User: S-1-5-18
  User Name: NT AUTHORITY\SYSTEM
  Computer: DESKTOP-SEBGP1U
  Description: 
Package KB5026361 was successfully changed to the Installed state.

Event[75]:
  Log Name: Setup
  Source: Microsoft-Windows-Servicing
  Date: 2023-06-11T01:07:10.9850000Z
  Event ID: 1
  Task: N/A
  Level: 정보
  Opcode: 정보
  Keyword: N/A
  User: S-1-5-18
  User Name: NT AUTHORITY\SYSTEM
  Computer: DESKTOP-SEBGP1U
  Description: 
Initiating changes for package KB5026361. Current state is Installed. Target state is Installed. Client id: LCUReservicing.

Event[76]:
  Log Name: Setup
  Source: Microsoft-Windows-Servicing
  Date: 2023-06-11T01:07:16.8180000Z
  Event ID: 2
  Task: N/A
  Level: 정보
  Opcode: 정보
  Keyword: N/A
  User: S-1-5-18
  User Name: NT AUTHORITY\SYSTEM
  Computer: DESKTOP-SEBGP1U
  Description: 
Package KB5026361 was successfully changed to the Installed state.

Event[77]:
  Log Name: Setup
  Source: Microsoft-Windows-Servicing
  Date: 2023-06-11T01:07:17.4090000Z
  Event ID: 1
  Task: N/A
  Level: 정보
  Opcode: 정보
  Keyword: N/A
  User: S-1-5-18
  User Name: NT AUTHORITY\SYSTEM
  Computer: DESKTOP-SEBGP1U
  Description: 
Initiating changes for package KB5026361. Current state is Installed. Target state is Installed. Client id: LCUReservicing.

Event[78]:
  Log Name: Setup
  Source: Microsoft-Windows-Servicing
  Date: 2023-06-11T01:07:23.3260000Z
  Event ID: 2
  Task: N/A
  Level: 정보
  Opcode: 정보
  Keyword: N/A
  User: S-1-5-18
  User Name: NT AUTHORITY\SYSTEM
  Computer: DESKTOP-SEBGP1U
  Description: 
Package KB5026361 was successfully changed to the Installed state.

Event[79]:
  Log Name: Setup
  Source: Microsoft-Windows-Servicing
  Date: 2023-06-11T01:07:23.8590000Z
  Event ID: 1
  Task: N/A
  Level: 정보
  Opcode: 정보
  Keyword: N/A
  User: S-1-5-18
  User Name: NT AUTHORITY\SYSTEM
  Computer: DESKTOP-SEBGP1U
  Description: 
Initiating changes for package Language Pack. Current state is Absent. Target state is Installed. Client id: UpdateAgentLCU.

Event[80]:
  Log Name: Setup
  Source: Microsoft-Windows-Servicing
  Date: 2023-06-11T01:07:23.8590000Z
  Event ID: 1
  Task: N/A
  Level: 정보
  Opcode: 정보
  Keyword: N/A
  User: S-1-5-18
  User Name: NT AUTHORITY\SYSTEM
  Computer: DESKTOP-SEBGP1U
  Description: 
Initiating changes for package Microsoft-Windows-StepsRecorder-ja-JP. Current state is Absent. Target state is Installed. Client id: UpdateAgentLCU.

Event[81]:
  Log Name: Setup
  Source: Microsoft-Windows-Servicing
  Date: 2023-06-11T01:07:23.8590000Z
  Event ID: 1
  Task: N/A
  Level: 정보
  Opcode: 정보
  Keyword: N/A
  User: S-1-5-18
  User Name: NT AUTHORITY\SYSTEM
  Computer: DESKTOP-SEBGP1U
  Description: 
Initiating changes for package Microsoft-Windows-StepsRecorder-ja-JP. Current state is Absent. Target state is Installed. Client id: UpdateAgentLCU.

Event[82]:
  Log Name: Setup
  Source: Microsoft-Windows-Servicing
  Date: 2023-06-11T01:07:23.8590000Z
  Event ID: 1
  Task: N/A
  Level: 정보
  Opcode: 정보
  Keyword: N/A
  User: S-1-5-18
  User Name: NT AUTHORITY\SYSTEM
  Computer: DESKTOP-SEBGP1U
  Description: 
Initiating changes for package Microsoft-Windows-MSPaint-FoD-ja-JP. Current state is Absent. Target state is Installed. Client id: UpdateAgentLCU.

Event[83]:
  Log Name: Setup
  Source: Microsoft-Windows-Servicing
  Date: 2023-06-11T01:07:23.8590000Z
  Event ID: 1
  Task: N/A
  Level: 정보
  Opcode: 정보
  Keyword: N/A
  User: S-1-5-18
  User Name: NT AUTHORITY\SYSTEM
  Computer: DESKTOP-SEBGP1U
  Description: 
Initiating changes for package Microsoft-Windows-MSPaint-FoD-ja-JP. Current state is Absent. Target state is Installed. Client id: UpdateAgentLCU.

Event[84]:
  Log Name: Setup
  Source: Microsoft-Windows-Servicing
  Date: 2023-06-11T01:07:23.8590000Z
  Event ID: 1
  Task: N/A
  Level: 정보
  Opcode: 정보
  Keyword: N/A
  User: S-1-5-18
  User Name: NT AUTHORITY\SYSTEM
  Computer: DESKTOP-SEBGP1U
  Description: 
Initiating changes for package Microsoft-Windows-Notepad-FoD-ja-JP. Current state is Absent. Target state is Installed. Client id: UpdateAgentLCU.

Event[85]:
  Log Name: Setup
  Source: Microsoft-Windows-Servicing
  Date: 2023-06-11T01:07:23.8590000Z
  Event ID: 1
  Task: N/A
  Level: 정보
  Opcode: 정보
  Keyword: N/A
  User: S-1-5-18
  User Name: NT AUTHORITY\SYSTEM
  Computer: DESKTOP-SEBGP1U
  Description: 
Initiating changes for package Microsoft-Windows-Notepad-FoD-ja-JP. Current state is Absent. Target state is Installed. Client id: UpdateAgentLCU.

Event[86]:
  Log Name: Setup
  Source: Microsoft-Windows-Servicing
  Date: 2023-06-11T01:07:23.8590000Z
  Event ID: 1
  Task: N/A
  Level: 정보
  Opcode: 정보
  Keyword: N/A
  User: S-1-5-18
  User Name: NT AUTHORITY\SYSTEM
  Computer: DESKTOP-SEBGP1U
  Description: 
Initiating changes for package Microsoft-Windows-PowerShell-ISE-FOD-ja-JP. Current state is Absent. Target state is Installed. Client id: UpdateAgentLCU.

Event[87]:
  Log Name: Setup
  Source: Microsoft-Windows-Servicing
  Date: 2023-06-11T01:07:23.8590000Z
  Event ID: 1
  Task: N/A
  Level: 정보
  Opcode: 정보
  Keyword: N/A
  User: S-1-5-18
  User Name: NT AUTHORITY\SYSTEM
  Computer: DESKTOP-SEBGP1U
  Description: 
Initiating changes for package Microsoft-Windows-PowerShell-ISE-FOD-ja-JP. Current state is Absent. Target state is Installed. Client id: UpdateAgentLCU.

Event[88]:
  Log Name: Setup
  Source: Microsoft-Windows-Servicing
  Date: 2023-06-11T01:07:23.8590000Z
  Event ID: 1
  Task: N/A
  Level: 정보
  Opcode: 정보
  Keyword: N/A
  User: S-1-5-18
  User Name: NT AUTHORITY\SYSTEM
  Computer: DESKTOP-SEBGP1U
  Description: 
Initiating changes for package Microsoft-Windows-WordPad-FoD-ja-JP. Current state is Absent. Target state is Installed. Client id: UpdateAgentLCU.

Event[89]:
  Log Name: Setup
  Source: Microsoft-Windows-Servicing
  Date: 2023-06-11T01:07:23.8590000Z
  Event ID: 1
  Task: N/A
  Level: 정보
  Opcode: 정보
  Keyword: N/A
  User: S-1-5-18
  User Name: NT AUTHORITY\SYSTEM
  Computer: DESKTOP-SEBGP1U
  Description: 
Initiating changes for package Microsoft-Windows-WordPad-FoD-ja-JP. Current state is Absent. Target state is Installed. Client id: UpdateAgentLCU.

Event[90]:
  Log Name: Setup
  Source: Microsoft-Windows-Servicing
  Date: 2023-06-11T01:07:23.8590000Z
  Event ID: 1
  Task: N/A
  Level: 정보
  Opcode: 정보
  Keyword: N/A
  User: S-1-5-18
  User Name: NT AUTHORITY\SYSTEM
  Computer: DESKTOP-SEBGP1U
  Description: 
Initiating changes for package Microsoft-Windows-Printing-WFS-FoD-ja-JP. Current state is Absent. Target state is Installed. Client id: UpdateAgentLCU.

Event[91]:
  Log Name: Setup
  Source: Microsoft-Windows-Servicing
  Date: 2023-06-11T01:09:11.0200000Z
  Event ID: 1
  Task: N/A
  Level: 정보
  Opcode: 정보
  Keyword: N/A
  User: S-1-5-18
  User Name: NT AUTHORITY\SYSTEM
  Computer: DESKTOP-SEBGP1U
  Description: 
Initiating changes for package KB5026361. Current state is Installed. Target state is Installed. Client id: LCUReservicing.

Event[92]:
  Log Name: Setup
  Source: Microsoft-Windows-Servicing
  Date: 2023-06-11T01:09:57.2370000Z
  Event ID: 2
  Task: N/A
  Level: 정보
  Opcode: 정보
  Keyword: N/A
  User: S-1-5-18
  User Name: NT AUTHORITY\SYSTEM
  Computer: DESKTOP-SEBGP1U
  Description: 
Package KB5026361 was successfully changed to the Installed state.

Event[93]:
  Log Name: Setup
  Source: Microsoft-Windows-Servicing
  Date: 2023-06-11T01:09:57.7430000Z
  Event ID: 2
  Task: N/A
  Level: 정보
  Opcode: 정보
  Keyword: N/A
  User: S-1-5-18
  User Name: NT AUTHORITY\SYSTEM
  Computer: DESKTOP-SEBGP1U
  Description: 
Package Language Pack was successfully changed to the Installed state.

Event[94]:
  Log Name: Setup
  Source: Microsoft-Windows-Servicing
  Date: 2023-06-11T01:09:57.7430000Z
  Event ID: 2
  Task: N/A
  Level: 정보
  Opcode: 정보
  Keyword: N/A
  User: S-1-5-18
  User Name: NT AUTHORITY\SYSTEM
  Computer: DESKTOP-SEBGP1U
  Description: 
Package Microsoft-Windows-StepsRecorder-ja-JP was successfully changed to the Installed state.

Event[95]:
  Log Name: Setup
  Source: Microsoft-Windows-Servicing
  Date: 2023-06-11T01:09:57.7430000Z
  Event ID: 2
  Task: N/A
  Level: 정보
  Opcode: 정보
  Keyword: N/A
  User: S-1-5-18
  User Name: NT AUTHORITY\SYSTEM
  Computer: DESKTOP-SEBGP1U
  Description: 
Package Microsoft-Windows-StepsRecorder-ja-JP was successfully changed to the Installed state.

Event[96]:
  Log Name: Setup
  Source: Microsoft-Windows-Servicing
  Date: 2023-06-11T01:09:57.7430000Z
  Event ID: 2
  Task: N/A
  Level: 정보
  Opcode: 정보
  Keyword: N/A
  User: S-1-5-18
  User Name: NT AUTHORITY\SYSTEM
  Computer: DESKTOP-SEBGP1U
  Description: 
Package Microsoft-Windows-MSPaint-FoD-ja-JP was successfully changed to the Installed state.

Event[97]:
  Log Name: Setup
  Source: Microsoft-Windows-Servicing
  Date: 2023-06-11T01:09:57.7430000Z
  Event ID: 2
  Task: N/A
  Level: 정보
  Opcode: 정보
  Keyword: N/A
  User: S-1-5-18
  User Name: NT AUTHORITY\SYSTEM
  Computer: DESKTOP-SEBGP1U
  Description: 
Package Microsoft-Windows-MSPaint-FoD-ja-JP was successfully changed to the Installed state.

Event[98]:
  Log Name: Setup
  Source: Microsoft-Windows-Servicing
  Date: 2023-06-11T01:09:57.7430000Z
  Event ID: 2
  Task: N/A
  Level: 정보
  Opcode: 정보
  Keyword: N/A
  User: S-1-5-18
  User Name: NT AUTHORITY\SYSTEM
  Computer: DESKTOP-SEBGP1U
  Description: 
Package Microsoft-Windows-Notepad-FoD-ja-JP was successfully changed to the Installed state.

Event[99]:
  Log Name: Setup
  Source: Microsoft-Windows-Servicing
  Date: 2023-06-11T01:09:57.7430000Z
  Event ID: 2
  Task: N/A
  Level: 정보
  Opcode: 정보
  Keyword: N/A
  User: S-1-5-18
  User Name: NT AUTHORITY\SYSTEM
  Computer: DESKTOP-SEBGP1U
  Description: 
Package Microsoft-Windows-Notepad-FoD-ja-JP was successfully changed to the Installed state.

Event[100]:
  Log Name: Setup
  Source: Microsoft-Windows-Servicing
  Date: 2023-06-11T01:09:57.7430000Z
  Event ID: 2
  Task: N/A
  Level: 정보
  Opcode: 정보
  Keyword: N/A
  User: S-1-5-18
  User Name: NT AUTHORITY\SYSTEM
  Computer: DESKTOP-SEBGP1U
  Description: 
Package Microsoft-Windows-PowerShell-ISE-FOD-ja-JP was successfully changed to the Installed state.

Event[101]:
  Log Name: Setup
  Source: Microsoft-Windows-Servicing
  Date: 2023-06-11T01:09:57.7430000Z
  Event ID: 2
  Task: N/A
  Level: 정보
  Opcode: 정보
  Keyword: N/A
  User: S-1-5-18
  User Name: NT AUTHORITY\SYSTEM
  Computer: DESKTOP-SEBGP1U
  Description: 
Package Microsoft-Windows-PowerShell-ISE-FOD-ja-JP was successfully changed to the Installed state.

Event[102]:
  Log Name: Setup
  Source: Microsoft-Windows-Servicing
  Date: 2023-06-11T01:09:57.7430000Z
  Event ID: 2
  Task: N/A
  Level: 정보
  Opcode: 정보
  Keyword: N/A
  User: S-1-5-18
  User Name: NT AUTHORITY\SYSTEM
  Computer: DESKTOP-SEBGP1U
  Description: 
Package Microsoft-Windows-WordPad-FoD-ja-JP was successfully changed to the Installed state.

Event[103]:
  Log Name: Setup
  Source: Microsoft-Windows-Servicing
  Date: 2023-06-11T01:09:57.7430000Z
  Event ID: 2
  Task: N/A
  Level: 정보
  Opcode: 정보
  Keyword: N/A
  User: S-1-5-18
  User Name: NT AUTHORITY\SYSTEM
  Computer: DESKTOP-SEBGP1U
  Description: 
Package Microsoft-Windows-WordPad-FoD-ja-JP was successfully changed to the Installed state.

Event[104]:
  Log Name: Setup
  Source: Microsoft-Windows-Servicing
  Date: 2023-06-11T01:09:57.7430000Z
  Event ID: 2
  Task: N/A
  Level: 정보
  Opcode: 정보
  Keyword: N/A
  User: S-1-5-18
  User Name: NT AUTHORITY\SYSTEM
  Computer: DESKTOP-SEBGP1U
  Description: 
Package Microsoft-Windows-Printing-WFS-FoD-ja-JP was successfully changed to the Installed state.

Event[0]:
  Log Name: Setup
  Source: Microsoft-Windows-Servicing
  Date: 2023-02-07T23:30:58.0360000Z
  Event ID: 1
  Task: N/A
  Level: 정보
  Opcode: 정보
  Keyword: N/A
  User: S-1-5-18
  User Name: NT AUTHORITY\SYSTEM
  Computer: DESKTOP-PC42OAE
  Description: 
Initiating changes for package KB5020683. Current state is Absent. Target state is Installed. Client id: WindowsUpdateAgent.

Event[1]:
  Log Name: Setup
  Source: Microsoft-Windows-Servicing
  Date: 2023-02-07T23:31:17.3710000Z
  Event ID: 2
  Task: N/A
  Level: 정보
  Opcode: 정보
  Keyword: N/A
  User: S-1-5-18
  User Name: NT AUTHORITY\SYSTEM
  Computer: DESKTOP-PC42OAE
  Description: 
Package KB5020683 was successfully changed to the Installed state.

Event[2]:
  Log Name: Setup
  Source: Microsoft-Windows-Servicing
  Date: 2023-02-07T23:55:56.1260000Z
  Event ID: 1
  Task: N/A
  Level: 정보
  Opcode: 정보
  Keyword: N/A
  User: S-1-5-18
  User Name: NT AUTHORITY\SYSTEM
  Computer: DESKTOP-PC42OAE
  Description: 
Initiating changes for package KB5012170. Current state is Absent. Target state is Installed. Client id: WindowsUpdateAgent.

Event[3]:
  Log Name: Setup
  Source: Microsoft-Windows-Servicing
  Date: 2023-02-07T23:55:59.0240000Z
  Event ID: 2
  Task: N/A
  Level: 정보
  Opcode: 정보
  Keyword: N/A
  User: S-1-5-18
  User Name: NT AUTHORITY\SYSTEM
  Computer: DESKTOP-PC42OAE
  Description: 
Package KB5012170 was successfully changed to the Installed state.

Event[4]:
  Log Name: Setup
  Source: Microsoft-Windows-Servicing
  Date: 2023-02-07T23:58:18.9640000Z
  Event ID: 1
  Task: N/A
  Level: 정보
  Opcode: 정보
  Keyword: N/A
  User: S-1-5-18
  User Name: NT AUTHORITY\SYSTEM
  Computer: DESKTOP-PC42OAE
  Description: 
Initiating changes for package KB5022405. Current state is Absent. Target state is Installed. Client id: WindowsUpdateAgent.

Event[5]:
  Log Name: Setup
  Source: Microsoft-Windows-Servicing
  Date: 2023-02-08T00:04:05.9080000Z
  Event ID: 1
  Task: N/A
  Level: 정보
  Opcode: 정보
  Keyword: N/A
  User: S-1-5-18
  User Name: NT AUTHORITY\SYSTEM
  Computer: DESKTOP-PC42OAE
  Description: 
Initiating changes for package KB5022282. Current state is Absent. Target state is Installed. Client id: UpdateAgentLCU.

Event[6]:
  Log Name: Setup
  Source: Microsoft-Windows-Servicing
  Date: 2023-02-08T00:07:30.2260000Z
  Event ID: 4
  Task: N/A
  Level: 정보
  Opcode: 정보
  Keyword: N/A
  User: S-1-5-18
  User Name: NT AUTHORITY\SYSTEM
  Computer: DESKTOP-PC42OAE
  Description: 
A reboot is necessary before package KB5022282 can be changed to the Installed state.

Event[7]:
  Log Name: Setup
  Source: Microsoft-Windows-Servicing
  Date: 2023-02-08T01:25:13.0020000Z
  Event ID: 4
  Task: N/A
  Level: 정보
  Opcode: 정보
  Keyword: N/A
  User: S-1-5-18
  User Name: NT AUTHORITY\SYSTEM
  Computer: DESKTOP-PC42OAE
  Description: 
A reboot is necessary before package KB5022405 can be changed to the Installed state.

Event[8]:
  Log Name: Setup
  Source: Microsoft-Windows-Servicing
  Date: 2023-02-08T01:25:58.1410000Z
  Event ID: 2
  Task: N/A
  Level: 정보
  Opcode: 정보
  Keyword: N/A
  User: S-1-5-18
  User Name: NT AUTHORITY\SYSTEM
  Computer: DESKTOP-PC42OAE
  Description: 
Package KB5022405 was successfully changed to the Installed state.

Event[9]:
  Log Name: Setup
  Source: Microsoft-Windows-Servicing
  Date: 2023-02-08T01:25:58.1860000Z
  Event ID: 2
  Task: N/A
  Level: 정보
  Opcode: 정보
  Keyword: N/A
  User: S-1-5-18
  User Name: NT AUTHORITY\SYSTEM
  Computer: DESKTOP-PC42OAE
  Description: 
Package KB5022282 was successfully changed to the Installed state.

Event[10]:
  Log Name: Setup
  Source: Microsoft-Windows-Servicing
  Date: 2023-02-11T23:20:41.1310000Z
  Event ID: 8
  Task: N/A
  Level: 정보
  Opcode: 정보
  Keyword: N/A
  User: S-1-5-18
  User Name: NT AUTHORITY\SYSTEM
  Computer: DESKTOP-PC42OAE
  Description: 
Initiating changes to turn off update Windows-Defender-Default-Definitions of package Windows-Defender-Client. Client id: DISM Package Manager Provider.

Event[11]:
  Log Name: Setup
  Source: Microsoft-Windows-Servicing
  Date: 2023-02-11T23:30:57.8130000Z
  Event ID: 10
  Task: N/A
  Level: 정보
  Opcode: 정보
  Keyword: N/A
  User: S-1-5-18
  User Name: NT AUTHORITY\SYSTEM
  Computer: DESKTOP-PC42OAE
  Description: 
Selectable update Windows-Defender-Default-Definitions of package Windows-Defender-Client was successfully turned off.

Event[12]:
  Log Name: Setup
  Source: Microsoft-Windows-Servicing
  Date: 2023-02-26T13:29:12.3830000Z
  Event ID: 1
  Task: N/A
  Level: 정보
  Opcode: 정보
  Keyword: N/A
  User: S-1-5-18
  User Name: NT AUTHORITY\SYSTEM
  Computer: DESKTOP-PC42OAE
  Description: 
Initiating changes for package Windows Core Edition. Current state is Superseded. Target state is Absent. Client id: Arbiter.

Event[13]:
  Log Name: Setup
  Source: Microsoft-Windows-Servicing
  Date: 2023-02-26T13:29:25.6470000Z
  Event ID: 1
  Task: N/A
  Level: 정보
  Opcode: 정보
  Keyword: N/A
  User: S-1-5-18
  User Name: NT AUTHORITY\SYSTEM
  Computer: DESKTOP-PC42OAE
  Description: 
Initiating changes for package Windows Professional Edition. Current state is Staged. Target state is Absent. Client id: Arbiter.

Event[14]:
  Log Name: Setup
  Source: Microsoft-Windows-Servicing
  Date: 2023-02-26T13:30:48.5750000Z
  Event ID: 1
  Task: N/A
  Level: 정보
  Opcode: 정보
  Keyword: N/A
  User: S-1-5-18
  User Name: NT AUTHORITY\SYSTEM
  Computer: DESKTOP-PC42OAE
  Description: 
Initiating changes for package KB777778. Current state is Superseded. Target state is Absent. Client id: Arbiter.

Event[15]:
  Log Name: Setup
  Source: Microsoft-Windows-Servicing
  Date: 2023-02-26T13:30:49.0520000Z
  Event ID: 1
  Task: N/A
  Level: 정보
  Opcode: 정보
  Keyword: N/A
  User: S-1-5-18
  User Name: NT AUTHORITY\SYSTEM
  Computer: DESKTOP-PC42OAE
  Description: 
Initiating changes for package Language Pack. Current state is Superseded. Target state is Absent. Client id: Arbiter.

Event[16]:
  Log Name: Setup
  Source: Microsoft-Windows-Servicing
  Date: 2023-02-26T13:31:02.0470000Z
  Event ID: 1
  Task: N/A
  Level: 정보
  Opcode: 정보
  Keyword: N/A
  User: S-1-5-18
  User Name: NT AUTHORITY\SYSTEM
  Computer: DESKTOP-PC42OAE
  Description: 
Initiating changes for package KB777778. Current state is Superseded. Target state is Absent. Client id: Arbiter.

Event[17]:
  Log Name: Setup
  Source: Microsoft-Windows-Servicing
  Date: 2023-02-26T13:31:02.3120000Z
  Event ID: 1
  Task: N/A
  Level: 정보
  Opcode: 정보
  Keyword: N/A
  User: S-1-5-18
  User Name: NT AUTHORITY\SYSTEM
  Computer: DESKTOP-PC42OAE
  Description: 
Initiating changes for package Internet-Explorer-Optional-Package. Current state is Superseded. Target state is Absent. Client id: Arbiter.

Event[18]:
  Log Name: Setup
  Source: Microsoft-Windows-Servicing
  Date: 2023-02-26T13:31:02.6240000Z
  Event ID: 1
  Task: N/A
  Level: 정보
  Opcode: 정보
  Keyword: N/A
  User: S-1-5-18
  User Name: NT AUTHORITY\SYSTEM
  Computer: DESKTOP-PC42OAE
  Description: 
Initiating changes for package KB777778. Current state is Superseded. Target state is Absent. Client id: Arbiter.

Event[19]:
  Log Name: Setup
  Source: Microsoft-Windows-Servicing
  Date: 2023-02-26T13:31:02.9980000Z
  Event ID: 1
  Task: N/A
  Level: 정보
  Opcode: 정보
  Keyword: N/A
  User: S-1-5-18
  User Name: NT AUTHORITY\SYSTEM
  Computer: DESKTOP-PC42OAE
  Description: 
Initiating changes for package KB777778. Current state is Superseded. Target state is Absent. Client id: Arbiter.

Event[20]:
  Log Name: Setup
  Source: Microsoft-Windows-Servicing
  Date: 2023-02-26T13:31:03.2960000Z
  Event ID: 1
  Task: N/A
  Level: 정보
  Opcode: 정보
  Keyword: N/A
  User: S-1-5-18
  User Name: NT AUTHORITY\SYSTEM
  Computer: DESKTOP-PC42OAE
  Description: 
Initiating changes for package KB777778. Current state is Superseded. Target state is Absent. Client id: Arbiter.

Event[21]:
  Log Name: Setup
  Source: Microsoft-Windows-Servicing
  Date: 2023-02-26T13:31:03.8920000Z
  Event ID: 1
  Task: N/A
  Level: 정보
  Opcode: 정보
  Keyword: N/A
  User: S-1-5-18
  User Name: NT AUTHORITY\SYSTEM
  Computer: DESKTOP-PC42OAE
  Description: 
Initiating changes for package KB777778. Current state is Superseded. Target state is Absent. Client id: Arbiter.

Event[22]:
  Log Name: Setup
  Source: Microsoft-Windows-Servicing
  Date: 2023-02-26T13:31:04.1670000Z
  Event ID: 1
  Task: N/A
  Level: 정보
  Opcode: 정보
  Keyword: N/A
  User: S-1-5-18
  User Name: NT AUTHORITY\SYSTEM
  Computer: DESKTOP-PC42OAE
  Description: 
Initiating changes for package Microsoft-Windows-Notepad-FoD-ko-KR. Current state is Superseded. Target state is Absent. Client id: Arbiter.

Event[23]:
  Log Name: Setup
  Source: Microsoft-Windows-Servicing
  Date: 2023-02-26T13:31:04.4290000Z
  Event ID: 1
  Task: N/A
  Level: 정보
  Opcode: 정보
  Keyword: N/A
  User: S-1-5-18
  User Name: NT AUTHORITY\SYSTEM
  Computer: DESKTOP-PC42OAE
  Description: 
Initiating changes for package KB777778. Current state is Superseded. Target state is Absent. Client id: Arbiter.

Event[24]:
  Log Name: Setup
  Source: Microsoft-Windows-Servicing
  Date: 2023-02-26T13:31:04.6930000Z
  Event ID: 1
  Task: N/A
  Level: 정보
  Opcode: 정보
  Keyword: N/A
  User: S-1-5-18
  User Name: NT AUTHORITY\SYSTEM
  Computer: DESKTOP-PC42OAE
  Description: 
Initiating changes for package Microsoft-Windows-Printing-WFS-FoD-ko-KR. Current state is Superseded. Target state is Absent. Client id: Arbiter.

Event[25]:
  Log Name: Setup
  Source: Microsoft-Windows-Servicing
  Date: 2023-02-26T13:31:04.9440000Z
  Event ID: 1
  Task: N/A
  Level: 정보
  Opcode: 정보
  Keyword: N/A
  User: S-1-5-18
  User Name: NT AUTHORITY\SYSTEM
  Computer: DESKTOP-PC42OAE
  Description: 
Initiating changes for package KB777778. Current state is Superseded. Target state is Absent. Client id: Arbiter.

Event[26]:
  Log Name: Setup
  Source: Microsoft-Windows-Servicing
  Date: 2023-02-26T13:31:05.2900000Z
  Event ID: 1
  Task: N/A
  Level: 정보
  Opcode: 정보
  Keyword: N/A
  User: S-1-5-18
  User Name: NT AUTHORITY\SYSTEM
  Computer: DESKTOP-PC42OAE
  Description: 
Initiating changes for package KB777778. Current state is Superseded. Target state is Absent. Client id: Arbiter.

Event[27]:
  Log Name: Setup
  Source: Microsoft-Windows-Servicing
  Date: 2023-02-26T13:31:05.6440000Z
  Event ID: 1
  Task: N/A
  Level: 정보
  Opcode: 정보
  Keyword: N/A
  User: S-1-5-18
  User Name: NT AUTHORITY\SYSTEM
  Computer: DESKTOP-PC42OAE
  Description: 
Initiating changes for package KB777778. Current state is Superseded. Target state is Absent. Client id: Arbiter.

Event[28]:
  Log Name: Setup
  Source: Microsoft-Windows-Servicing
  Date: 2023-02-26T13:31:05.9730000Z
  Event ID: 1
  Task: N/A
  Level: 정보
  Opcode: 정보
  Keyword: N/A
  User: S-1-5-18
  User Name: NT AUTHORITY\SYSTEM
  Computer: DESKTOP-PC42OAE
  Description: 
Initiating changes for package KB777778. Current state is Superseded. Target state is Absent. Client id: Arbiter.

Event[29]:
  Log Name: Setup
  Source: Microsoft-Windows-Servicing
  Date: 2023-02-26T13:31:06.2860000Z
  Event ID: 1
  Task: N/A
  Level: 정보
  Opcode: 정보
  Keyword: N/A
  User: S-1-5-18
  User Name: NT AUTHORITY\SYSTEM
  Computer: DESKTOP-PC42OAE
  Description: 
Initiating changes for package KB777778. Current state is Superseded. Target state is Absent. Client id: Arbiter.

Event[30]:
  Log Name: Setup
  Source: Microsoft-Windows-Servicing
  Date: 2023-02-26T13:31:06.5470000Z
  Event ID: 1
  Task: N/A
  Level: 정보
  Opcode: 정보
  Keyword: N/A
  User: S-1-5-18
  User Name: NT AUTHORITY\SYSTEM
  Computer: DESKTOP-PC42OAE
  Description: 
Initiating changes for package KB777778. Current state is Superseded. Target state is Absent. Client id: Arbiter.

Event[31]:
  Log Name: Setup
  Source: Microsoft-Windows-Servicing
  Date: 2023-02-26T13:31:06.7970000Z
  Event ID: 1
  Task: N/A
  Level: 정보
  Opcode: 정보
  Keyword: N/A
  User: S-1-5-18
  User Name: NT AUTHORITY\SYSTEM
  Computer: DESKTOP-PC42OAE
  Description: 
Initiating changes for package KB777778. Current state is Superseded. Target state is Absent. Client id: Arbiter.

Event[32]:
  Log Name: Setup
  Source: Microsoft-Windows-Servicing
  Date: 2023-03-03T21:17:20.9040000Z
  Event ID: 1
  Task: N/A
  Level: 정보
  Opcode: 정보
  Keyword: N/A
  User: S-1-5-18
  User Name: NT AUTHORITY\SYSTEM
  Computer: DESKTOP-PC42OAE
  Description: 
Initiating changes for package KB5022502. Current state is Absent. Target state is Installed. Client id: WindowsUpdateAgent.

Event[33]:
  Log Name: Setup
  Source: Microsoft-Windows-Servicing
  Date: 2023-03-03T21:17:37.6140000Z
  Event ID: 2
  Task: N/A
  Level: 정보
  Opcode: 정보
  Keyword: N/A
  User: S-1-5-18
  User Name: NT AUTHORITY\SYSTEM
  Computer: DESKTOP-PC42OAE
  Description: 
Package KB5022502 was successfully changed to the Installed state.

Event[34]:
  Log Name: Setup
  Source: Microsoft-Windows-Servicing
  Date: 2023-03-03T21:20:08.6640000Z
  Event ID: 1
  Task: N/A
  Level: 정보
  Opcode: 정보
  Keyword: N/A
  User: S-1-5-18
  User Name: NT AUTHORITY\SYSTEM
  Computer: DESKTOP-PC42OAE
  Description: 
Initiating changes for package KB5022834. Current state is Absent. Target state is Installed. Client id: UpdateAgentLCU.

Event[35]:
  Log Name: Setup
  Source: Microsoft-Windows-Servicing
  Date: 2023-03-03T21:26:37.7050000Z
  Event ID: 4
  Task: N/A
  Level: 정보
  Opcode: 정보
  Keyword: N/A
  User: S-1-5-18
  User Name: NT AUTHORITY\SYSTEM
  Computer: DESKTOP-PC42OAE
  Description: 
A reboot is necessary before package KB5022834 can be changed to the Installed state.

Event[36]:
  Log Name: Setup
  Source: Microsoft-Windows-Servicing
  Date: 2023-03-04T02:41:04.3440000Z
  Event ID: 2
  Task: N/A
  Level: 정보
  Opcode: 정보
  Keyword: N/A
  User: S-1-5-18
  User Name: NT AUTHORITY\SYSTEM
  Computer: DESKTOP-PC42OAE
  Description: 
Package KB5022834 was successfully changed to the Installed state.

Event[37]:
  Log Name: Setup
  Source: Microsoft-Windows-Servicing
  Date: 2023-03-13T13:46:34.6260000Z
  Event ID: 1
  Task: N/A
  Level: 정보
  Opcode: 정보
  Keyword: N/A
  User: S-1-5-18
  User Name: NT AUTHORITY\SYSTEM
  Computer: DESKTOP-PC42OAE
  Description: 
Initiating changes for package KB5021233. Current state is Superseded. Target state is Absent. Client id: CbsTask.

Event[38]:
  Log Name: Setup
  Source: Microsoft-Windows-Servicing
  Date: 2023-03-15T15:05:44.7420000Z
  Event ID: 1
  Task: N/A
  Level: 정보
  Opcode: 정보
  Keyword: N/A
  User: S-1-5-18
  User Name: NT AUTHORITY\SYSTEM
  Computer: DESKTOP-PC42OAE
  Description: 
Initiating changes for package KB5022924. Current state is Absent. Target state is Installed. Client id: UpdateAgentLCU.

Event[39]:
  Log Name: Setup
  Source: Microsoft-Windows-Servicing
  Date: 2023-03-15T15:05:50.0420000Z
  Event ID: 2
  Task: N/A
  Level: 정보
  Opcode: 정보
  Keyword: N/A
  User: S-1-5-18
  User Name: NT AUTHORITY\SYSTEM
  Computer: DESKTOP-PC42OAE
  Description: 
Package KB5022924 was successfully changed to the Installed state.

Event[40]:
  Log Name: Setup
  Source: Microsoft-Windows-Servicing
  Date: 2023-03-15T15:06:38.0390000Z
  Event ID: 1
  Task: N/A
  Level: 정보
  Opcode: 정보
  Keyword: N/A
  User: S-1-5-18
  User Name: NT AUTHORITY\SYSTEM
  Computer: DESKTOP-PC42OAE
  Description: 
Initiating changes for package KB5023696. Current state is Absent. Target state is Installed. Client id: UpdateAgentLCU.

Event[41]:
  Log Name: Setup
  Source: Microsoft-Windows-Servicing
  Date: 2023-03-15T15:12:14.4460000Z
  Event ID: 4
  Task: N/A
  Level: 정보
  Opcode: 정보
  Keyword: N/A
  User: S-1-5-18
  User Name: NT AUTHORITY\SYSTEM
  Computer: DESKTOP-PC42OAE
  Description: 
A reboot is necessary before package KB5023696 can be changed to the Installed state.

Event[42]:
  Log Name: Setup
  Source: Microsoft-Windows-Servicing
  Date: 2023-03-15T16:52:05.5390000Z
  Event ID: 2
  Task: N/A
  Level: 정보
  Opcode: 정보
  Keyword: N/A
  User: S-1-5-18
  User Name: NT AUTHORITY\SYSTEM
  Computer: DESKTOP-PC42OAE
  Description: 
Package KB5023696 was successfully changed to the Installed state.

Event[43]:
  Log Name: Setup
  Source: Microsoft-Windows-Servicing
  Date: 2023-04-12T10:58:31.2370000Z
  Event ID: 1
  Task: N/A
  Level: 정보
  Opcode: 정보
  Keyword: N/A
  User: S-1-5-18
  User Name: NT AUTHORITY\SYSTEM
  Computer: DESKTOP-PC42OAE
  Description: 
Initiating changes for package KB5022282. Current state is Superseded. Target state is Absent. Client id: Arbiter.

Event[44]:
  Log Name: Setup
  Source: Microsoft-Windows-Servicing
  Date: 2023-04-12T10:59:02.5860000Z
  Event ID: 1
  Task: N/A
  Level: 정보
  Opcode: 정보
  Keyword: N/A
  User: S-1-5-18
  User Name: NT AUTHORITY\SYSTEM
  Computer: DESKTOP-PC42OAE
  Description: 
Initiating changes for package KB5022405. Current state is Superseded. Target state is Absent. Client id: Arbiter.

Event[45]:
  Log Name: Setup
  Source: Microsoft-Windows-Servicing
  Date: 2023-04-12T19:33:53.6990000Z
  Event ID: 1
  Task: N/A
  Level: 정보
  Opcode: 정보
  Keyword: N/A
  User: S-1-5-18
  User Name: NT AUTHORITY\SYSTEM
  Computer: DESKTOP-PC42OAE
  Description: 
Initiating changes for package KB5023794. Current state is Absent. Target state is Installed. Client id: UpdateAgentLCU.

Event[46]:
  Log Name: Setup
  Source: Microsoft-Windows-Servicing
  Date: 2023-04-12T19:33:58.0250000Z
  Event ID: 2
  Task: N/A
  Level: 정보
  Opcode: 정보
  Keyword: N/A
  User: S-1-5-18
  User Name: NT AUTHORITY\SYSTEM
  Computer: DESKTOP-PC42OAE
  Description: 
Package KB5023794 was successfully changed to the Installed state.

Event[47]:
  Log Name: Setup
  Source: Microsoft-Windows-Servicing
  Date: 2023-04-12T19:34:39.4050000Z
  Event ID: 1
  Task: N/A
  Level: 정보
  Opcode: 정보
  Keyword: N/A
  User: S-1-5-18
  User Name: NT AUTHORITY\SYSTEM
  Computer: DESKTOP-PC42OAE
  Description: 
Initiating changes for package KB5025221. Current state is Absent. Target state is Installed. Client id: UpdateAgentLCU.

Event[48]:
  Log Name: Setup
  Source: Microsoft-Windows-Servicing
  Date: 2023-04-12T19:40:13.5110000Z
  Event ID: 4
  Task: N/A
  Level: 정보
  Opcode: 정보
  Keyword: N/A
  User: S-1-5-18
  User Name: NT AUTHORITY\SYSTEM
  Computer: DESKTOP-PC42OAE
  Description: 
A reboot is necessary before package KB5025221 can be changed to the Installed state.

Event[49]:
  Log Name: Setup
  Source: Microsoft-Windows-Servicing
  Date: 2023-04-12T20:53:21.7040000Z
  Event ID: 2
  Task: N/A
  Level: 정보
  Opcode: 정보
  Keyword: N/A
  User: S-1-5-18
  User Name: NT AUTHORITY\SYSTEM
  Computer: DESKTOP-PC42OAE
  Description: 
Package KB5025221 was successfully changed to the Installed state.

Event[50]:
  Log Name: Setup
  Source: Microsoft-Windows-Servicing
  Date: 2023-04-15T19:19:28.4400000Z
  Event ID: 1
  Task: N/A
  Level: 정보
  Opcode: 정보
  Keyword: N/A
  User: S-1-5-18
  User Name: NT AUTHORITY\SYSTEM
  Computer: DESKTOP-PC42OAE
  Description: 
Initiating changes for package KB5022834. Current state is Superseded. Target state is Absent. Client id: CbsTask.

Event[51]:
  Log Name: Setup
  Source: Microsoft-Windows-Servicing
  Date: 2023-05-15T12:34:40.4440000Z
  Event ID: 1
  Task: N/A
  Level: 정보
  Opcode: 정보
  Keyword: N/A
  User: S-1-5-18
  User Name: NT AUTHORITY\SYSTEM
  Computer: DESKTOP-PC42OAE
  Description: 
Initiating changes for package KB5025315. Current state is Absent. Target state is Installed. Client id: UpdateAgentLCU.

Event[52]:
  Log Name: Setup
  Source: Microsoft-Windows-Servicing
  Date: 2023-05-15T12:34:46.6000000Z
  Event ID: 2
  Task: N/A
  Level: 정보
  Opcode: 정보
  Keyword: N/A
  User: S-1-5-18
  User Name: NT AUTHORITY\SYSTEM
  Computer: DESKTOP-PC42OAE
  Description: 
Package KB5025315 was successfully changed to the Installed state.

Event[53]:
  Log Name: Setup
  Source: Microsoft-Windows-Servicing
  Date: 2023-05-15T12:35:41.1810000Z
  Event ID: 1
  Task: N/A
  Level: 정보
  Opcode: 정보
  Keyword: N/A
  User: S-1-5-18
  User Name: NT AUTHORITY\SYSTEM
  Computer: DESKTOP-PC42OAE
  Description: 
Initiating changes for package KB5023696. Current state is Superseded. Target state is Absent. Client id: Arbiter.

Event[54]:
  Log Name: Setup
  Source: Microsoft-Windows-Servicing
  Date: 2023-05-15T12:37:20.8520000Z
  Event ID: 1
  Task: N/A
  Level: 정보
  Opcode: 정보
  Keyword: N/A
  User: S-1-5-18
  User Name: NT AUTHORITY\SYSTEM
  Computer: DESKTOP-PC42OAE
  Description: 
Initiating changes for package KB5026361. Current state is Absent. Target state is Installed. Client id: UpdateAgentLCU.

Event[55]:
  Log Name: Setup
  Source: Microsoft-Windows-Servicing
  Date: 2023-05-15T12:50:19.4310000Z
  Event ID: 4
  Task: N/A
  Level: 정보
  Opcode: 정보
  Keyword: N/A
  User: S-1-5-18
  User Name: NT AUTHORITY\SYSTEM
  Computer: DESKTOP-PC42OAE
  Description: 
A reboot is necessary before package KB5026361 can be changed to the Installed state.

Event[56]:
  Log Name: Setup
  Source: Microsoft-Windows-Servicing
  Date: 2023-05-16T12:54:10.9570000Z
  Event ID: 2
  Task: N/A
  Level: 정보
  Opcode: 정보
  Keyword: N/A
  User: S-1-5-18
  User Name: NT AUTHORITY\SYSTEM
  Computer: DESKTOP-PC42OAE
  Description: 
Package KB5026361 was successfully changed to the Installed state.

Event[57]:
  Log Name: Setup
  Source: Microsoft-Windows-Servicing
  Date: 2023-05-26T00:04:49.2040000Z
  Event ID: 1
  Task: N/A
  Level: 정보
  Opcode: 정보
  Keyword: N/A
  User: S-1-5-18
  User Name: NT AUTHORITY\SYSTEM
  Computer: DESKTOP-PC42OAE
  Description: 
Initiating changes for package KB5025183. Current state is Absent. Target state is Installed. Client id: WindowsUpdateAgent.

Event[58]:
  Log Name: Setup
  Source: Microsoft-Windows-Servicing
  Date: 2023-05-26T00:05:18.4540000Z
  Event ID: 2
  Task: N/A
  Level: 정보
  Opcode: 정보
  Keyword: N/A
  User: S-1-5-18
  User Name: NT AUTHORITY\SYSTEM
  Computer: DESKTOP-PC42OAE
  Description: 
Package KB5025183 was successfully changed to the Installed state.

Event[59]:
  Log Name: Setup
  Source: Microsoft-Windows-Servicing
  Date: 2023-06-12T15:52:25.5710000Z
  Event ID: 1
  Task: N/A
  Level: 정보
  Opcode: 정보
  Keyword: N/A
  User: S-1-5-18
  User Name: NT AUTHORITY\SYSTEM
  Computer: DESKTOP-PC42OAE
  Description: 
Initiating changes for package KB5026513. Current state is Absent. Target state is Installed. Client id: WindowsUpdateAgent.

Event[60]:
  Log Name: Setup
  Source: Microsoft-Windows-Servicing
  Date: 2023-06-13T03:31:48.7630000Z
  Event ID: 2
  Task: N/A
  Level: 정보
  Opcode: 정보
  Keyword: N/A
  User: S-1-5-18
  User Name: NT AUTHORITY\SYSTEM
  Computer: DESKTOP-PC42OAE
  Description: 
Package KB5026513 was successfully changed to the Installed state.

Event[61]:
  Log Name: Setup
  Source: Microsoft-Windows-Servicing
  Date: 2023-06-14T12:38:08.8140000Z
  Event ID: 1
  Task: N/A
  Level: 정보
  Opcode: 정보
  Keyword: N/A
  User: S-1-5-18
  User Name: NT AUTHORITY\SYSTEM
  Computer: DESKTOP-PC42OAE
  Description: 
Initiating changes for package KB5027122. Current state is Absent. Target state is Installed. Client id: WindowsUpdateAgent.

Event[62]:
  Log Name: Setup
  Source: Microsoft-Windows-Servicing
  Date: 2023-06-14T12:38:25.1030000Z
  Event ID: 2
  Task: N/A
  Level: 정보
  Opcode: 정보
  Keyword: N/A
  User: S-1-5-18
  User Name: NT AUTHORITY\SYSTEM
  Computer: DESKTOP-PC42OAE
  Description: 
Package KB5027122 was successfully changed to the Installed state.

Event[63]:
  Log Name: Setup
  Source: Microsoft-Windows-Servicing
  Date: 2023-06-14T12:39:57.4410000Z
  Event ID: 1
  Task: N/A
  Level: 정보
  Opcode: 정보
  Keyword: N/A
  User: S-1-5-18
  User Name: NT AUTHORITY\SYSTEM
  Computer: DESKTOP-PC42OAE
  Description: 
Initiating changes for package KB5026879. Current state is Absent. Target state is Installed. Client id: UpdateAgentLCU.

Event[64]:
  Log Name: Setup
  Source: Microsoft-Windows-Servicing
  Date: 2023-06-14T12:40:02.0410000Z
  Event ID: 2
  Task: N/A
  Level: 정보
  Opcode: 정보
  Keyword: N/A
  User: S-1-5-18
  User Name: NT AUTHORITY\SYSTEM
  Computer: DESKTOP-PC42OAE
  Description: 
Package KB5026879 was successfully changed to the Installed state.

Event[65]:
  Log Name: Setup
  Source: Microsoft-Windows-Servicing
  Date: 2023-06-14T12:40:48.8060000Z
  Event ID: 1
  Task: N/A
  Level: 정보
  Opcode: 정보
  Keyword: N/A
  User: S-1-5-18
  User Name: NT AUTHORITY\SYSTEM
  Computer: DESKTOP-PC42OAE
  Description: 
Initiating changes for package KB5027215. Current state is Absent. Target state is Installed. Client id: UpdateAgentLCU.

Event[66]:
  Log Name: Setup
  Source: Microsoft-Windows-Servicing
  Date: 2023-06-16T20:00:11.9450000Z
  Event ID: 4
  Task: N/A
  Level: 정보
  Opcode: 정보
  Keyword: N/A
  User: S-1-5-18
  User Name: NT AUTHORITY\SYSTEM
  Computer: DESKTOP-PC42OAE
  Description: 
A reboot is necessary before package KB5027215 can be changed to the Installed state.

Event[67]:
  Log Name: Setup
  Source: Microsoft-Windows-Servicing
  Date: 2023-06-16T20:32:17.2520000Z
  Event ID: 2
  Task: N/A
  Level: 정보
  Opcode: 정보
  Keyword: N/A
  User: S-1-5-18
  User Name: NT AUTHORITY\SYSTEM
  Computer: DESKTOP-PC42OAE
  Description: 
Package KB5027215 was successfully changed to the Installed state.

