  Log Name: Setup
  Source: Microsoft-Windows-Servicing
  Date: 2023-02-16T19:50:31.3060000Z
  Event ID: 4
  Task: N/A
  Level: 정보
  Opcode: 정보
  Keyword: N/A
  User: S-1-5-18
  User Name: NT AUTHORITY\SYSTEM
  Computer: DESKTOP-SEBGP1U
  Description: 
A reboot is necessary before package KB5022502 can be changed to the Installed state.

Event[4]:
  Log Name: Setup
  Source: Microsoft-Windows-Servicing
  Date: 2023-02-16T19:51:07.4430000Z
  Event ID: 2
  Task: N/A
  Level: 정보
  Opcode: 정보
  Keyword: N/A
  User: S-1-5-18
  User Name: NT AUTHORITY\SYSTEM
  Computer: DESKTOP-SEBGP1U
  Description: 
Package KB5022502 was successfully changed to the Installed state.

Event[5]:
  Log Name: Setup
  Source: Microsoft-Windows-Servicing
  Date: 2023-02-17T16:31:40.1250000Z
  Event ID: 8
  Task: N/A
  Level: 정보
  Opcode: 정보
  Keyword: N/A
  User: S-1-5-18
  User Name: NT AUTHORITY\SYSTEM
  Computer: DESKTOP-SEBGP1U
  Description: 
Initiating changes to turn off update Windows-Defender-Default-Definitions of package Windows-Defender-Client. Client id: DISM Package Manager Provider.

Event[6]:
  Log Name: Setup
  Source: Microsoft-Windows-Servicing
  Date: 2023-02-17T16:31:41.6640000Z
  Event ID: 10
  Task: N/A
  Level: 정보
  Opcode: 정보
  Keyword: N/A
  User: S-1-5-18
  User Name: NT AUTHORITY\SYSTEM
  Computer: DESKTOP-SEBGP1U
  Description: 
Selectable update Windows-Defender-Default-Definitions of package Windows-Defender-Client was successfully turned off.

Event[7]:
  Log Name: Setup
  Source: Microsoft-Windows-Servicing
  Date: 2023-02-18T00:26:43.7870000Z
  Event ID: 1
  Task: N/A
  Level: 정보
  Opcode: 정보
  Keyword: N/A
  User: S-1-5-18
  User Name: NT AUTHORITY\SYSTEM
  Computer: DESKTOP-SEBGP1U
  Description: 
Initiating changes for package KB5022834. Current state is Absent. Target state is Installed. Client id: UpdateAgentLCU.

Event[8]:
  Log Name: Setup
  Source: Microsoft-Windows-Servicing
  Date: 2023-02-18T00:33:14.1640000Z
  Event ID: 4
  Task: N/A
  Level: 정보
  Opcode: 정보
  Keyword: N/A
  User: S-1-5-18
  User Name: NT AUTHORITY\SYSTEM
  Computer: DESKTOP-SEBGP1U
  Description: 
A reboot is necessary before package KB5022834 can be changed to the Installed state.

Event[9]:
  Log Name: Setup
  Source: Microsoft-Windows-Servicing
  Date: 2023-02-18T01:52:01.4290000Z
  Event ID: 2
  Task: N/A
  Level: 정보
  Opcode: 정보
  Keyword: N/A
  User: S-1-5-18
  User Name: NT AUTHORITY\SYSTEM
  Computer: DESKTOP-SEBGP1U
  Description: 
Package KB5022834 was successfully changed to the Installed state.

Event[10]:
  Log Name: Setup
  Source: Microsoft-Windows-Servicing
  Date: 2023-03-18T00:32:02.4340000Z
  Event ID: 1
  Task: N/A
  Level: 정보
  Opcode: 정보
  Keyword: N/A
  User: S-1-5-18
  User Name: NT AUTHORITY\SYSTEM
  Computer: DESKTOP-SEBGP1U
  Description: 
Initiating changes for package KB5022924. Current state is Absent. Target state is Installed. Client id: UpdateAgentLCU.

Event[11]:
  Log Name: Setup
  Source: Microsoft-Windows-Servicing
  Date: 2023-03-18T00:32:07.4600000Z
  Event ID: 2
  Task: N/A
  Level: 정보
  Opcode: 정보
  Keyword: N/A
  User: S-1-5-18
  User Name: NT AUTHORITY\SYSTEM
  Computer: DESKTOP-SEBGP1U
  Description: 
Package KB5022924 was successfully changed to the Installed state.

Event[12]:
  Log Name: Setup
  Source: Microsoft-Windows-Servicing
  Date: 2023-03-18T00:32:50.4520000Z
  Event ID: 1
  Task: N/A
  Level: 정보
  Opcode: 정보
  Keyword: N/A
  User: S-1-5-18
  User Name: NT AUTHORITY\SYSTEM
  Computer: DESKTOP-SEBGP1U
  Description: 
Initiating changes for package KB5023696. Current state is Absent. Target state is Installed. Client id: UpdateAgentLCU.

Event[13]:
  Log Name: Setup
  Source: Microsoft-Windows-Servicing
  Date: 2023-03-18T00:39:02.4050000Z
  Event ID: 4
  Task: N/A
  Level: 정보
  Opcode: 정보
  Keyword: N/A
  User: S-1-5-18
  User Name: NT AUTHORITY\SYSTEM
  Computer: DESKTOP-SEBGP1U
  Description: 
A reboot is necessary before package KB5023696 can be changed to the Installed state.

Event[14]:
  Log Name: Setup
  Source: Microsoft-Windows-Servicing
  Date: 2023-03-18T03:02:44.4100000Z
  Event ID: 2
  Task: N/A
  Level: 정보
  Opcode: 정보
  Keyword: N/A
  User: S-1-5-18
  User Name: NT AUTHORITY\SYSTEM
  Computer: DESKTOP-SEBGP1U
  Description: 
Package KB5023696 was successfully changed to the Installed state.

Event[15]:
  Log Name: Setup
  Source: Microsoft-Windows-Servicing
  Date: 2023-03-20T13:07:13.9170000Z
  Event ID: 1
  Task: N/A
  Level: 정보
  Opcode: 정보
  Keyword: N/A
  User: S-1-5-18
  User Name: NT AUTHORITY\SYSTEM
  Computer: DESKTOP-SEBGP1U
  Description: 
Initiating changes for package KB5021233. Current state is Superseded. Target state is Absent. Client id: CbsTask.

Event[16]:
  Log Name: Setup
  Source: Microsoft-Windows-Servicing
  Date: 2023-03-20T13:07:50.1260000Z
  Event ID: 1
  Task: N/A
  Level: 정보
  Opcode: 정보
  Keyword: N/A
  User: S-1-5-18
  User Name: NT AUTHORITY\SYSTEM
  Computer: DESKTOP-SEBGP1U
  Description: 
Initiating changes for package KB5020872. Current state is Superseded. Target state is Absent. Client id: CbsTask.

Event[17]:
  Log Name: Setup
  Source: Microsoft-Windows-Servicing
  Date: 2023-04-13T10:59:35.7740000Z
  Event ID: 1
  Task: N/A
  Level: 정보
  Opcode: 정보
  Keyword: N/A
  User: S-1-5-18
  User Name: NT AUTHORITY\SYSTEM
  Computer: DESKTOP-SEBGP1U
  Description: 
Initiating changes for package KB5023794. Current state is Absent. Target state is Installed. Client id: UpdateAgentLCU.

Event[18]:
  Log Name: Setup
  Source: Microsoft-Windows-Servicing
  Date: 2023-04-13T10:59:40.9840000Z
  Event ID: 2
  Task: N/A
  Level: 정보
  Opcode: 정보
  Keyword: N/A
  User: S-1-5-18
  User Name: NT AUTHORITY\SYSTEM
  Computer: DESKTOP-SEBGP1U
  Description: 
Package KB5023794 was successfully changed to the Installed state.

Event[19]:
  Log Name: Setup
  Source: Microsoft-Windows-Servicing
  Date: 2023-04-13T11:00:22.4180000Z
  Event ID: 1
  Task: N/A
  Level: 정보
  Opcode: 정보
  Keyword: N/A
  User: S-1-5-18
  User Name: NT AUTHORITY\SYSTEM
  Computer: DESKTOP-SEBGP1U
  Description: 
Initiating changes for package KB5025221. Current state is Absent. Target state is Installed. Client id: UpdateAgentLCU.

Event[20]:
  Log Name: Setup
  Source: Microsoft-Windows-Servicing
  Date: 2023-04-13T11:06:18.2160000Z
  Event ID: 4
  Task: N/A
  Level: 정보
  Opcode: 정보
  Keyword: N/A
  User: S-1-5-18
  User Name: NT AUTHORITY\SYSTEM
  Computer: DESKTOP-SEBGP1U
  Description: 
A reboot is necessary before package KB5025221 can be changed to the Installed state.

Event[21]:
  Log Name: Setup
  Source: Microsoft-Windows-Servicing
  Date: 2023-04-13T11:29:01.0460000Z
  Event ID: 2
  Task: N/A
  Level: 정보
  Opcode: 정보
  Keyword: N/A
  User: S-1-5-18
  User Name: NT AUTHORITY\SYSTEM
  Computer: DESKTOP-SEBGP1U
  Description: 
Package KB5025221 was successfully changed to the Installed state.

Event[22]:
  Log Name: Setup
  Source: Microsoft-Windows-Servicing
  Date: 2023-04-18T19:11:37.3360000Z
  Event ID: 1
  Task: N/A
  Level: 정보
  Opcode: 정보
  Keyword: N/A
  User: S-1-5-18
  User Name: NT AUTHORITY\SYSTEM
  Computer: DESKTOP-SEBGP1U
  Description: 
Initiating changes for package KB5025221. Current state is Installed. Target state is Installed. Client id: LCUReservicing.

Event[23]:
  Log Name: Setup
  Source: Microsoft-Windows-Servicing
  Date: 2023-04-18T19:11:50.1170000Z
  Event ID: 2
  Task: N/A
  Level: 정보
  Opcode: 정보
  Keyword: N/A
  User: S-1-5-18
  User Name: NT AUTHORITY\SYSTEM
  Computer: DESKTOP-SEBGP1U
  Description: 
Package KB5025221 was successfully changed to the Installed state.

Event[24]:
  Log Name: Setup
  Source: Microsoft-Windows-Servicing
  Date: 2023-04-21T20:51:04.1400000Z
  Event ID: 8
  Task: N/A
  Level: 정보
  Opcode: 정보
  Keyword: N/A
  User: S-1-5-18
  User Name: NT AUTHORITY\SYSTEM
  Computer: DESKTOP-SEBGP1U
  Description: 
Initiating changes to turn off update SMB1Protocol-Client of package Microsoft-Windows-SMB1. Client id: SMBComponentDisabler.

Event[25]:
  Log Name: Setup
  Source: Microsoft-Windows-Servicing
  Date: 2023-04-21T20:51:04.1400000Z
  Event ID: 8
  Task: N/A
  Level: 정보
  Opcode: 정보
  Keyword: N/A
  User: S-1-5-18
  User Name: NT AUTHORITY\SYSTEM
  Computer: DESKTOP-SEBGP1U
  Description: 
Initiating changes to turn off update SMB1Protocol of package Microsoft-Windows-SMB1. Client id: SMBComponentDisabler.

Event[26]:
  Log Name: Setup
  Source: Microsoft-Windows-Servicing
  Date: 2023-04-21T20:51:04.1410000Z
  Event ID: 8
  Task: N/A
  Level: 정보
  Opcode: 정보
  Keyword: N/A
  User: S-1-5-18
  User Name: NT AUTHORITY\SYSTEM
  Computer: DESKTOP-SEBGP1U
  Description: 
Initiating changes to turn off update SMB1Protocol-Deprecation of package Microsoft-Windows-SMB1Deprecation. Client id: SMBComponentDisabler.

Event[27]:
  Log Name: Setup
  Source: Microsoft-Windows-Servicing
  Date: 2023-04-21T21:11:05.8650000Z
  Event ID: 8
  Task: N/A
  Level: 정보
  Opcode: 정보
  Keyword: N/A
  User: S-1-5-18
  User Name: NT AUTHORITY\SYSTEM
  Computer: DESKTOP-SEBGP1U
  Description: 
Initiating changes to turn off update SMB1Protocol-Client of package Microsoft-Windows-SMB1. Client id: SMBComponentDisabler.

Event[28]:
  Log Name: Setup
  Source: Microsoft-Windows-Servicing
  Date: 2023-04-21T21:11:05.8650000Z
  Event ID: 8
  Task: N/A
  Level: 정보
  Opcode: 정보
  Keyword: N/A
  User: S-1-5-18
  User Name: NT AUTHORITY\SYSTEM
  Computer: DESKTOP-SEBGP1U
  Description: 
Initiating changes to turn off update SMB1Protocol of package Microsoft-Windows-SMB1. Client id: SMBComponentDisabler.

Event[29]:
  Log Name: Setup
  Source: Microsoft-Windows-Servicing
  Date: 2023-04-21T21:11:05.8660000Z
  Event ID: 8
  Task: N/A
  Level: 정보
  Opcode: 정보
  Keyword: N/A
  User: S-1-5-18
  User Name: NT AUTHORITY\SYSTEM
  Computer: DESKTOP-SEBGP1U
  Description: 
Initiating changes to turn off update SMB1Protocol-Deprecation of package Microsoft-Windows-SMB1Deprecation. Client id: SMBComponentDisabler.

Event[30]:
  Log Name: Setup
  Source: Microsoft-Windows-Servicing
  Date: 2023-04-21T21:31:03.4200000Z
  Event ID: 8
  Task: N/A
  Level: 정보
  Opcode: 정보
  Keyword: N/A
  User: S-1-5-18
  User Name: NT AUTHORITY\SYSTEM
  Computer: DESKTOP-SEBGP1U
  Description: 
Initiating changes to turn off update SMB1Protocol-Client of package Microsoft-Windows-SMB1. Client id: SMBComponentDisabler.

Event[31]:
  Log Name: Setup
  Source: Microsoft-Windows-Servicing
  Date: 2023-04-21T21:31:03.4200000Z
  Event ID: 8
  Task: N/A
  Level: 정보
  Opcode: 정보
  Keyword: N/A
  User: S-1-5-18
  User Name: NT AUTHORITY\SYSTEM
  Computer: DESKTOP-SEBGP1U
  Description: 
Initiating changes to turn off update SMB1Protocol of package Microsoft-Windows-SMB1. Client id: SMBComponentDisabler.

Event[32]:
  Log Name: Setup
  Source: Microsoft-Windows-Servicing
  Date: 2023-04-21T21:31:03.4210000Z
  Event ID: 8
  Task: N/A
  Level: 정보
  Opcode: 정보
  Keyword: N/A
  User: S-1-5-18
  User Name: NT AUTHORITY\SYSTEM
  Computer: DESKTOP-SEBGP1U
  Description: 
Initiating changes to turn off update SMB1Protocol-Deprecation of package Microsoft-Windows-SMB1Deprecation. Client id: SMBComponentDisabler.

Event[33]:
  Log Name: Setup
  Source: Microsoft-Windows-Servicing
  Date: 2023-04-21T21:51:04.6320000Z
  Event ID: 8
  Task: N/A
  Level: 정보
  Opcode: 정보
  Keyword: N/A
  User: S-1-5-18
  User Name: NT AUTHORITY\SYSTEM
  Computer: DESKTOP-SEBGP1U
  Description: 
Initiating changes to turn off update SMB1Protocol-Client of package Microsoft-Windows-SMB1. Client id: SMBComponentDisabler.

Event[34]:
  Log Name: Setup
  Source: Microsoft-Windows-Servicing
  Date: 2023-04-21T21:51:04.6320000Z
  Event ID: 8
  Task: N/A
  Level: 정보
  Opcode: 정보
  Keyword: N/A
  User: S-1-5-18
  User Name: NT AUTHORITY\SYSTEM
  Computer: DESKTOP-SEBGP1U
  Description: 
Initiating changes to turn off update SMB1Protocol of package Microsoft-Windows-SMB1. Client id: SMBComponentDisabler.

Event[35]:
  Log Name: Setup
  Source: Microsoft-Windows-Servicing
  Date: 2023-04-21T21:51:04.6330000Z
  Event ID: 8
  Task: N/A
  Level: 정보
  Opcode: 정보
  Keyword: N/A
  User: S-1-5-18
  User Name: NT AUTHORITY\SYSTEM
  Computer: DESKTOP-SEBGP1U
  Description: 
Initiating changes to turn off update SMB1Protocol-Deprecation of package Microsoft-Windows-SMB1Deprecation. Client id: SMBComponentDisabler.

Event[36]:
  Log Name: Setup
  Source: Microsoft-Windows-Servicing
  Date: 2023-04-21T22:11:09.2190000Z
  Event ID: 8
  Task: N/A
  Level: 정보
  Opcode: 정보
  Keyword: N/A
  User: S-1-5-18
  User Name: NT AUTHORITY\SYSTEM
  Computer: DESKTOP-SEBGP1U
  Description: 
Initiating changes to turn off update SMB1Protocol-Client of package Microsoft-Windows-SMB1. Client id: SMBComponentDisabler.

Event[37]:
  Log Name: Setup
  Source: Microsoft-Windows-Servicing
  Date: 2023-04-21T22:11:09.2190000Z
  Event ID: 8
  Task: N/A
  Level: 정보
  Opcode: 정보
  Keyword: N/A
  User: S-1-5-18
  User Name: NT AUTHORITY\SYSTEM
  Computer: DESKTOP-SEBGP1U
  Description: 
Initiating changes to turn off update SMB1Protocol of package Microsoft-Windows-SMB1. Client id: SMBComponentDisabler.

Event[38]:
  Log Name: Setup
  Source: Microsoft-Windows-Servicing
  Date: 2023-04-21T22:11:09.2190000Z
  Event ID: 8
  Task: N/A
  Level: 정보
  Opcode: 정보
  Keyword: N/A
  User: S-1-5-18
  User Name: NT AUTHORITY\SYSTEM
  Computer: DESKTOP-SEBGP1U
  Description: 
Initiating changes to turn off update SMB1Protocol-Deprecation of package Microsoft-Windows-SMB1Deprecation. Client id: SMBComponentDisabler.

Event[39]:
  Log Name: Setup
  Source: Microsoft-Windows-Servicing
  Date: 2023-04-21T22:31:09.0580000Z
  Event ID: 8
  Task: N/A
  Level: 정보
  Opcode: 정보
  Keyword: N/A
  User: S-1-5-18
  User Name: NT AUTHORITY\SYSTEM
  Computer: DESKTOP-SEBGP1U
  Description: 
Initiating changes to turn off update SMB1Protocol-Client of package Microsoft-Windows-SMB1. Client id: SMBComponentDisabler.

Event[40]:
  Log Name: Setup
  Source: Microsoft-Windows-Servicing
  Date: 2023-04-21T22:31:09.0580000Z
  Event ID: 8
  Task: N/A
  Level: 정보
  Opcode: 정보
  Keyword: N/A
  User: S-1-5-18
  User Name: NT AUTHORITY\SYSTEM
  Computer: DESKTOP-SEBGP1U
  Description: 
Initiating changes to turn off update SMB1Protocol of package Microsoft-Windows-SMB1. Client id: SMBComponentDisabler.

Event[41]:
  Log Name: Setup
  Source: Microsoft-Windows-Servicing
  Date: 2023-04-21T22:31:09.0590000Z
  Event ID: 8
  Task: N/A
  Level: 정보
  Opcode: 정보
  Keyword: N/A
  User: S-1-5-18
  User Name: NT AUTHORITY\SYSTEM
  Computer: DESKTOP-SEBGP1U
  Description: 
Initiating changes to turn off update SMB1Protocol-Deprecation of package Microsoft-Windows-SMB1Deprecation. Client id: SMBComponentDisabler.

Event[42]:
  Log Name: Setup
  Source: Microsoft-Windows-Servicing
  Date: 2023-04-21T22:51:09.3520000Z
  Event ID: 8
  Task: N/A
  Level: 정보
  Opcode: 정보
  Keyword: N/A
  User: S-1-5-18
  User Name: NT AUTHORITY\SYSTEM
  Computer: DESKTOP-SEBGP1U
  Description: 
Initiating changes to turn off update SMB1Protocol-Client of package Microsoft-Windows-SMB1. Client id: SMBComponentDisabler.

Event[43]:
  Log Name: Setup
  Source: Microsoft-Windows-Servicing
  Date: 2023-04-21T22:51:09.3520000Z
  Event ID: 8
  Task: N/A
  Level: 정보
  Opcode: 정보
  Keyword: N/A
  User: S-1-5-18
  User Name: NT AUTHORITY\SYSTEM
  Computer: DESKTOP-SEBGP1U
  Description: 
Initiating changes to turn off update SMB1Protocol of package Microsoft-Windows-SMB1. Client id: SMBComponentDisabler.

Event[44]:
  Log Name: Setup
  Source: Microsoft-Windows-Servicing
  Date: 2023-04-21T22:51:09.3520000Z
  Event ID: 8
  Task: N/A
  Level: 정보
  Opcode: 정보
  Keyword: N/A
  User: S-1-5-18
  User Name: NT AUTHORITY\SYSTEM
  Computer: DESKTOP-SEBGP1U
  Description: 
Initiating changes to turn off update SMB1Protocol-Deprecation of package Microsoft-Windows-SMB1Deprecation. Client id: SMBComponentDisabler.

Event[45]:
  Log Name: Setup
  Source: Microsoft-Windows-Servicing
  Date: 2023-04-21T23:11:09.3350000Z
  Event ID: 8
  Task: N/A
  Level: 정보
  Opcode: 정보
  Keyword: N/A
  User: S-1-5-18
  User Name: NT AUTHORITY\SYSTEM
  Computer: DESKTOP-SEBGP1U
  Description: 
Initiating changes to turn off update SMB1Protocol-Client of package Microsoft-Windows-SMB1. Client id: SMBComponentDisabler.

Event[46]:
  Log Name: Setup
  Source: Microsoft-Windows-Servicing
  Date: 2023-04-21T23:11:09.3350000Z
  Event ID: 8
  Task: N/A
  Level: 정보
  Opcode: 정보
  Keyword: N/A
  User: S-1-5-18
  User Name: NT AUTHORITY\SYSTEM
  Computer: DESKTOP-SEBGP1U
  Description: 
Initiating changes to turn off update SMB1Protocol of package Microsoft-Windows-SMB1. Client id: SMBComponentDisabler.

Event[47]:
  Log Name: Setup
  Source: Microsoft-Windows-Servicing
  Date: 2023-04-21T23:11:09.3360000Z
  Event ID: 8
  Task: N/A
  Level: 정보
  Opcode: 정보
  Keyword: N/A
  User: S-1-5-18
  User Name: NT AUTHORITY\SYSTEM
  Computer: DESKTOP-SEBGP1U
  Description: 
Initiating changes to turn off update SMB1Protocol-Deprecation of package Microsoft-Windows-SMB1Deprecation. Client id: SMBComponentDisabler.

Event[48]:
  Log Name: Setup
  Source: Microsoft-Windows-Servicing
  Date: 2023-04-21T23:31:14.4500000Z
  Event ID: 8
  Task: N/A
  Level: 정보
  Opcode: 정보
  Keyword: N/A
  User: S-1-5-18
  User Name: NT AUTHORITY\SYSTEM
  Computer: DESKTOP-SEBGP1U
  Description: 
Initiating changes to turn off update SMB1Protocol-Client of package Microsoft-Windows-SMB1. Client id: SMBComponentDisabler.

Event[49]:
  Log Name: Setup
  Source: Microsoft-Windows-Servicing
  Date: 2023-04-21T23:31:14.4500000Z
  Event ID: 8
  Task: N/A
  Level: 정보
  Opcode: 정보
  Keyword: N/A
  User: S-1-5-18
  User Name: NT AUTHORITY\SYSTEM
  Computer: DESKTOP-SEBGP1U
  Description: 
Initiating changes to turn off update SMB1Protocol of package Microsoft-Windows-SMB1. Client id: SMBComponentDisabler.

Event[50]:
  Log Name: Setup
  Source: Microsoft-Windows-Servicing
  Date: 2023-04-21T23:31:14.4510000Z
  Event ID: 8
  Task: N/A
  Level: 정보
  Opcode: 정보
  Keyword: N/A
  User: S-1-5-18
  User Name: NT AUTHORITY\SYSTEM
  Computer: DESKTOP-SEBGP1U
  Description: 
Initiating changes to turn off update SMB1Protocol-Deprecation of package Microsoft-Windows-SMB1Deprecation. Client id: SMBComponentDisabler.

Event[51]:
  Log Name: Setup
  Source: Microsoft-Windows-Servicing
  Date: 2023-04-21T23:51:11.7020000Z
  Event ID: 8
  Task: N/A
  Level: 정보
  Opcode: 정보
  Keyword: N/A
  User: S-1-5-18
  User Name: NT AUTHORITY\SYSTEM
  Computer: DESKTOP-SEBGP1U
  Description: 
Initiating changes to turn off update SMB1Protocol-Client of package Microsoft-Windows-SMB1. Client id: SMBComponentDisabler.

Event[52]:
  Log Name: Setup
  Source: Microsoft-Windows-Servicing
  Date: 2023-04-21T23:51:11.7020000Z
  Event ID: 8
  Task: N/A
  Level: 정보
  Opcode: 정보
  Keyword: N/A
  User: S-1-5-18
  User Name: NT AUTHORITY\SYSTEM
  Computer: DESKTOP-SEBGP1U
  Description: 
Initiating changes to turn off update SMB1Protocol of package Microsoft-Windows-SMB1. Client id: SMBComponentDisabler.

Event[53]:
  Log Name: Setup
  Source: Microsoft-Windows-Servicing
  Date: 2023-04-21T23:51:11.7030000Z
  Event ID: 8
  Task: N/A
  Level: 정보
  Opcode: 정보
  Keyword: N/A
  User: S-1-5-18
  User Name: NT AUTHORITY\SYSTEM
  Computer: DESKTOP-SEBGP1U
  Description: 
Initiating changes to turn off update SMB1Protocol-Deprecation of package Microsoft-Windows-SMB1Deprecation. Client id: SMBComponentDisabler.

Event[54]:
  Log Name: Setup
  Source: Microsoft-Windows-Servicing
  Date: 2023-04-21T23:52:44.4550000Z
  Event ID: 14
  Task: N/A
  Level: 정보
  Opcode: 정보
  Keyword: N/A
  User: S-1-5-18
  User Name: NT AUTHORITY\SYSTEM
  Computer: DESKTOP-SEBGP1U
  Description: 
A reboot is necessary before the selectable update SMB1Protocol-Client of package Microsoft-Windows-SMB1 can be turned off.

Event[55]:
  Log Name: Setup
  Source: Microsoft-Windows-Servicing
  Date: 2023-04-21T23:52:44.4550000Z
  Event ID: 14
  Task: N/A
  Level: 정보
  Opcode: 정보
  Keyword: N/A
  User: S-1-5-18
  User Name: NT AUTHORITY\SYSTEM
  Computer: DESKTOP-SEBGP1U
  Description: 
A reboot is necessary before the selectable update SMB1Protocol of package Microsoft-Windows-SMB1 can be turned off.

Event[56]:
  Log Name: Setup
  Source: Microsoft-Windows-Servicing
  Date: 2023-04-21T23:52:44.4550000Z
  Event ID: 14
  Task: N/A
  Level: 정보
  Opcode: 정보
  Keyword: N/A
  User: S-1-5-18
  User Name: NT AUTHORITY\SYSTEM
  Computer: DESKTOP-SEBGP1U
  Description: 
A reboot is necessary before the selectable update SMB1Protocol-Deprecation of package Microsoft-Windows-SMB1Deprecation can be turned off.

Event[57]:
  Log Name: Setup
  Source: Microsoft-Windows-Servicing
  Date: 2023-04-21T23:53:09.4190000Z
  Event ID: 10
  Task: N/A
  Level: 정보
  Opcode: 정보
  Keyword: N/A
  User: S-1-5-18
  User Name: NT AUTHORITY\SYSTEM
  Computer: DESKTOP-SEBGP1U
  Description: 
Selectable update SMB1Protocol-Client of package Microsoft-Windows-SMB1 was successfully turned off.

Event[58]:
  Log Name: Setup
  Source: Microsoft-Windows-Servicing
  Date: 2023-04-21T23:53:09.4190000Z
  Event ID: 10
  Task: N/A
  Level: 정보
  Opcode: 정보
  Keyword: N/A
  User: S-1-5-18
  User Name: NT AUTHORITY\SYSTEM
  Computer: DESKTOP-SEBGP1U
  Description: 
Selectable update SMB1Protocol of package Microsoft-Windows-SMB1 was successfully turned off.

Event[59]:
  Log Name: Setup
  Source: Microsoft-Windows-Servicing
  Date: 2023-04-21T23:53:09.4190000Z
  Event ID: 10
  Task: N/A
  Level: 정보
  Opcode: 정보
  Keyword: N/A
  User: S-1-5-18
  User Name: NT AUTHORITY\SYSTEM
  Computer: DESKTOP-SEBGP1U
  Description: 
Selectable update SMB1Protocol-Deprecation of package Microsoft-Windows-SMB1Deprecation was successfully turned off.

Event[60]:
  Log Name: Setup
  Source: Microsoft-Windows-Servicing
  Date: 2023-04-22T15:35:44.3180000Z
  Event ID: 1
  Task: N/A
  Level: 정보
  Opcode: 정보
  Keyword: N/A
  User: S-1-5-18
  User Name: NT AUTHORITY\SYSTEM
  Computer: DESKTOP-SEBGP1U
  Description: 
Initiating changes for package KB5022834. Current state is Superseded. Target state is Absent. Client id: CbsTask.

Event[61]:
  Log Name: Setup
  Source: Microsoft-Windows-Servicing
  Date: 2023-05-05T15:28:45.4450000Z
  Event ID: 1
  Task: N/A
  Level: 정보
  Opcode: 정보
  Keyword: N/A
  User: S-1-5-18
  User Name: NT AUTHORITY\SYSTEM
  Computer: DESKTOP-SEBGP1U
  Description: 
Initiating changes for package KB5025183. Current state is Absent. Target state is Installed. Client id: WindowsUpdateAgent.

Event[62]:
  Log Name: Setup
  Source: Microsoft-Windows-Servicing
  Date: 2023-05-13T23:35:49.0890000Z
  Event ID: 1
  Task: N/A
  Level: 정보
  Opcode: 정보
  Keyword: N/A
  User: S-1-5-18
  User Name: NT AUTHORITY\SYSTEM
  Computer: DESKTOP-SEBGP1U
  Description: 
Initiating changes for package KB5025315. Current state is Absent. Target state is Installed. Client id: UpdateAgentLCU.

Event[63]:
  Log Name: Setup
  Source: Microsoft-Windows-Servicing
  Date: 2023-05-13T23:35:54.2430000Z
  Event ID: 2
  Task: N/A
  Level: 정보
  Opcode: 정보
  Keyword: N/A
  User: S-1-5-18
  User Name: NT AUTHORITY\SYSTEM
  Computer: DESKTOP-SEBGP1U
  Description: 
Package KB5025315 was successfully changed to the Installed state.

Event[64]:
  Log Name: Setup
  Source: Microsoft-Windows-Servicing
  Date: 2023-05-13T23:36:04.6270000Z
  Event ID: 1
  Task: N/A
  Level: 정보
  Opcode: 정보
  Keyword: N/A
  User: S-1-5-18
  User Name: NT AUTHORITY\SYSTEM
  Computer: DESKTOP-SEBGP1U
  Description: 
Initiating changes for package KB5026361. Current state is Absent. Target state is Installed. Client id: UpdateAgentLCU.

Event[65]:
  Log Name: Setup
  Source: Microsoft-Windows-Servicing
  Date: 2023-05-13T23:42:41.4750000Z
  Event ID: 4
  Task: N/A
  Level: 정보
  Opcode: 정보
  Keyword: N/A
  User: S-1-5-18
  User Name: NT AUTHORITY\SYSTEM
  Computer: DESKTOP-SEBGP1U
  Description: 
A reboot is necessary before package KB5026361 can be changed to the Installed state.

Event[66]:
  Log Name: Setup
  Source: Microsoft-Windows-Servicing
  Date: 2023-05-14T20:28:30.8460000Z
  Event ID: 4
  Task: N/A
  Level: 정보
  Opcode: 정보
  Keyword: N/A
  User: S-1-5-18
  User Name: NT AUTHORITY\SYSTEM
  Computer: DESKTOP-SEBGP1U
  Description: 
A reboot is necessary before package KB5025183 can be changed to the Installed state.

Event[67]:
  Log Name: Setup
  Source: Microsoft-Windows-Servicing
  Date: 2023-05-14T20:29:25.1690000Z
  Event ID: 2
  Task: N/A
  Level: 정보
  Opcode: 정보
  Keyword: N/A
  User: S-1-5-18
  User Name: NT AUTHORITY\SYSTEM
  Computer: DESKTOP-SEBGP1U
  Description: 
Package KB5025183 was successfully changed to the Installed state.

Event[68]:
  Log Name: Setup
  Source: Microsoft-Windows-Servicing
  Date: 2023-05-14T20:29:25.2590000Z
  Event ID: 2
  Task: N/A
  Level: 정보
  Opcode: 정보
  Keyword: N/A
  User: S-1-5-18
  User Name: NT AUTHORITY\SYSTEM
  Computer: DESKTOP-SEBGP1U
  Description: 
Package KB5026361 was successfully changed to the Installed state.

Event[69]:
  Log Name: Setup
  Source: Microsoft-Windows-Servicing
  Date: 2023-05-21T16:05:19.0560000Z
  Event ID: 1
  Task: N/A
  Level: 정보
  Opcode: 정보
  Keyword: N/A
  User: S-1-5-18
  User Name: NT AUTHORITY\SYSTEM
  Computer: DESKTOP-SEBGP1U
  Description: 
Initiating changes for package KB5023696. Current state is Superseded. Target state is Absent. Client id: CbsTask.

Event[70]:
  Log Name: Setup
  Source: Microsoft-Windows-Servicing
  Date: 2023-05-21T16:05:58.4850000Z
  Event ID: 1
  Task: N/A
  Level: 정보
  Opcode: 정보
  Keyword: N/A
  User: S-1-5-18
  User Name: NT AUTHORITY\SYSTEM
  Computer: DESKTOP-SEBGP1U
  Description: 
Initiating changes for package KB777778. Current state is Superseded. Target state is Absent. Client id: CbsTask.

Event[71]:
  Log Name: Setup
  Source: Microsoft-Windows-Servicing
  Date: 2023-06-11T01:06:51.3690000Z
  Event ID: 1
  Task: N/A
  Level: 정보
  Opcode: 정보
  Keyword: N/A
  User: S-1-5-18
  User Name: NT AUTHORITY\SYSTEM
  Computer: DESKTOP-SEBGP1U
  Description: 
Initiating changes for package KB5026361. Current state is Installed. Target state is Installed. Client id: LCUReservicing.

Event[72]:
  Log Name: Setup
  Source: Microsoft-Windows-Servicing
  Date: 2023-06-11T01:07:01.1380000Z
  Event ID: 2
  Task: N/A
  Level: 정보
  Opcode: 정보
  Keyword: N/A
  User: S-1-5-18
  User Name: NT AUTHORITY\SYSTEM
  Computer: DESKTOP-SEBGP1U
  Description: 
Package KB5026361 was successfully changed to the Installed state.

Event[73]:
  Log Name: Setup
  Source: Microsoft-Windows-Servicing
  Date: 2023-06-11T01:07:03.8270000Z
  Event ID: 1
  Task: N/A
  Level: 정보
  Opcode: 정보
  Keyword: N/A
  User: S-1-5-18
  User Name: NT AUTHORITY\SYSTEM
  Computer: DESKTOP-SEBGP1U
  Description: 
Initiating changes for package KB5026361. Current state is Installed. Target state is Installed. Client id: LCUReservicing.

Event[74]:
  Log Name: Setup
  Source: Microsoft-Windows-Servicing
  Date: 2023-06-11T01:07:09.8120000Z
  Event ID: 2
  Task: N/A
  Level: 정보
  Opcode: 정보
  Keyword: N/A
  User: S-1-5-18
  User Name: NT AUTHORITY\SYSTEM
  Computer: DESKTOP-SEBGP1U
  Description: 
Package KB5026361 was successfully changed to the Installed state.

Event[75]:
  Log Name: Setup
  Source: Microsoft-Windows-Servicing
  Date: 2023-06-11T01:07:10.9850000Z
  Event ID: 1
  Task: N/A
  Level: 정보
  Opcode: 정보
  Keyword: N/A
  User: S-1-5-18
  User Name: NT AUTHORITY\SYSTEM
  Computer: DESKTOP-SEBGP1U
  Description: 
Initiating changes for package KB5026361. Current state is Installed. Target state is Installed. Client id: LCUReservicing.

Event[76]:
  Log Name: Setup
  Source: Microsoft-Windows-Servicing
  Date: 2023-06-11T01:07:16.8180000Z
  Event ID: 2
  Task: N/A
  Level: 정보
  Opcode: 정보
  Keyword: N/A
  User: S-1-5-18
  User Name: NT AUTHORITY\SYSTEM
  Computer: DESKTOP-SEBGP1U
  Description: 
Package KB5026361 was successfully changed to the Installed state.

Event[77]:
  Log Name: Setup
  Source: Microsoft-Windows-Servicing
  Date: 2023-06-11T01:07:17.4090000Z
  Event ID: 1
  Task: N/A
  Level: 정보
  Opcode: 정보
  Keyword: N/A
  User: S-1-5-18
  User Name: NT AUTHORITY\SYSTEM
  Computer: DESKTOP-SEBGP1U
  Description: 
Initiating changes for package KB5026361. Current state is Installed. Target state is Installed. Client id: LCUReservicing.

Event[78]:
  Log Name: Setup
  Source: Microsoft-Windows-Servicing
  Date: 2023-06-11T01:07:23.3260000Z
  Event ID: 2
  Task: N/A
  Level: 정보
  Opcode: 정보
  Keyword: N/A
  User: S-1-5-18
  User Name: NT AUTHORITY\SYSTEM
  Computer: DESKTOP-SEBGP1U
  Description: 
Package KB5026361 was successfully changed to the Installed state.

Event[79]:
  Log Name: Setup
  Source: Microsoft-Windows-Servicing
  Date: 2023-06-11T01:07:23.8590000Z
  Event ID: 1
  Task: N/A
  Level: 정보
  Opcode: 정보
  Keyword: N/A
  User: S-1-5-18
  User Name: NT AUTHORITY\SYSTEM
  Computer: DESKTOP-SEBGP1U
  Description: 
Initiating changes for package Language Pack. Current state is Absent. Target state is Installed. Client id: UpdateAgentLCU.

Event[80]:
  Log Name: Setup
  Source: Microsoft-Windows-Servicing
  Date: 2023-06-11T01:07:23.8590000Z
  Event ID: 1
  Task: N/A
  Level: 정보
  Opcode: 정보
  Keyword: N/A
  User: S-1-5-18
  User Name: NT AUTHORITY\SYSTEM
  Computer: DESKTOP-SEBGP1U
  Description: 
Initiating changes for package Microsoft-Windows-StepsRecorder-ja-JP. Current state is Absent. Target state is Installed. Client id: UpdateAgentLCU.

Event[81]:
  Log Name: Setup
  Source: Microsoft-Windows-Servicing
  Date: 2023-06-11T01:07:23.8590000Z
  Event ID: 1
  Task: N/A
  Level: 정보
  Opcode: 정보
  Keyword: N/A
  User: S-1-5-18
  User Name: NT AUTHORITY\SYSTEM
  Computer: DESKTOP-SEBGP1U
  Description: 
Initiating changes for package Microsoft-Windows-StepsRecorder-ja-JP. Current state is Absent. Target state is Installed. Client id: UpdateAgentLCU.

Event[82]:
  Log Name: Setup
  Source: Microsoft-Windows-Servicing
  Date: 2023-06-11T01:07:23.8590000Z
  Event ID: 1
  Task: N/A
  Level: 정보
  Opcode: 정보
  Keyword: N/A
  User: S-1-5-18
  User Name: NT AUTHORITY\SYSTEM
  Computer: DESKTOP-SEBGP1U
  Description: 
Initiating changes for package Microsoft-Windows-MSPaint-FoD-ja-JP. Current state is Absent. Target state is Installed. Client id: UpdateAgentLCU.

Event[83]:
  Log Name: Setup
  Source: Microsoft-Windows-Servicing
  Date: 2023-06-11T01:07:23.8590000Z
  Event ID: 1
  Task: N/A
  Level: 정보
  Opcode: 정보
  Keyword: N/A
  User: S-1-5-18
  User Name: NT AUTHORITY\SYSTEM
  Computer: DESKTOP-SEBGP1U
  Description: 
Initiating changes for package Microsoft-Windows-MSPaint-FoD-ja-JP. Current state is Absent. Target state is Installed. Client id: UpdateAgentLCU.

Event[84]:
  Log Name: Setup
  Source: Microsoft-Windows-Servicing
  Date: 2023-06-11T01:07:23.8590000Z
  Event ID: 1
  Task: N/A
  Level: 정보
  Opcode: 정보
  Keyword: N/A
  User: S-1-5-18
  User Name: NT AUTHORITY\SYSTEM
  Computer: DESKTOP-SEBGP1U
  Description: 
Initiating changes for package Microsoft-Windows-Notepad-FoD-ja-JP. Current state is Absent. Target state is Installed. Client id: UpdateAgentLCU.

Event[85]:
  Log Name: Setup
  Source: Microsoft-Windows-Servicing
  Date: 2023-06-11T01:07:23.8590000Z
  Event ID: 1
  Task: N/A
  Level: 정보
  Opcode: 정보
  Keyword: N/A
  User: S-1-5-18
  User Name: NT AUTHORITY\SYSTEM
  Computer: DESKTOP-SEBGP1U
  Description: 
Initiating changes for package Microsoft-Windows-Notepad-FoD-ja-JP. Current state is Absent. Target state is Installed. Client id: UpdateAgentLCU.

Event[86]:
  Log Name: Setup
  Source: Microsoft-Windows-Servicing
  Date: 2023-06-11T01:07:23.8590000Z
  Event ID: 1
  Task: N/A
  Level: 정보
  Opcode: 정보
  Keyword: N/A
  User: S-1-5-18
  User Name: NT AUTHORITY\SYSTEM
  Computer: DESKTOP-SEBGP1U
  Description: 
Initiating changes for package Microsoft-Windows-PowerShell-ISE-FOD-ja-JP. Current state is Absent. Target state is Installed. Client id: UpdateAgentLCU.

Event[87]:
  Log Name: Setup
  Source: Microsoft-Windows-Servicing
  Date: 2023-06-11T01:07:23.8590000Z
  Event ID: 1
  Task: N/A
  Level: 정보
  Opcode: 정보
  Keyword: N/A
  User: S-1-5-18
  User Name: NT AUTHORITY\SYSTEM
  Computer: DESKTOP-SEBGP1U
  Description: 
Initiating changes for package Microsoft-Windows-PowerShell-ISE-FOD-ja-JP. Current state is Absent. Target state is Installed. Client id: UpdateAgentLCU.

Event[88]:
  Log Name: Setup
  Source: Microsoft-Windows-Servicing
  Date: 2023-06-11T01:07:23.8590000Z
  Event ID: 1
  Task: N/A
  Level: 정보
  Opcode: 정보
  Keyword: N/A
  User: S-1-5-18
  User Name: NT AUTHORITY\SYSTEM
  Computer: DESKTOP-SEBGP1U
  Description: 
Initiating changes for package Microsoft-Windows-WordPad-FoD-ja-JP. Current state is Absent. Target state is Installed. Client id: UpdateAgentLCU.

Event[89]:
  Log Name: Setup
  Source: Microsoft-Windows-Servicing
  Date: 2023-06-11T01:07:23.8590000Z
  Event ID: 1
  Task: N/A
  Level: 정보
  Opcode: 정보
  Keyword: N/A
  User: S-1-5-18
  User Name: NT AUTHORITY\SYSTEM
  Computer: DESKTOP-SEBGP1U
  Description: 
Initiating changes for package Microsoft-Windows-WordPad-FoD-ja-JP. Current state is Absent. Target state is Installed. Client id: UpdateAgentLCU.

Event[90]:
  Log Name: Setup
  Source: Microsoft-Windows-Servicing
  Date: 2023-06-11T01:07:23.8590000Z
  Event ID: 1
  Task: N/A
  Level: 정보
  Opcode: 정보
  Keyword: N/A
  User: S-1-5-18
  User Name: NT AUTHORITY\SYSTEM
  Computer: DESKTOP-SEBGP1U
  Description: 
Initiating changes for package Microsoft-Windows-Printing-WFS-FoD-ja-JP. Current state is Absent. Target state is Installed. Client id: UpdateAgentLCU.

Event[91]:
  Log Name: Setup
  Source: Microsoft-Windows-Servicing
  Date: 2023-06-11T01:09:11.0200000Z
  Event ID: 1
  Task: N/A
  Level: 정보
  Opcode: 정보
  Keyword: N/A
  User: S-1-5-18
  User Name: NT AUTHORITY\SYSTEM
  Computer: DESKTOP-SEBGP1U
  Description: 
Initiating changes for package KB5026361. Current state is Installed. Target state is Installed. Client id: LCUReservicing.

Event[92]:
  Log Name: Setup
  Source: Microsoft-Windows-Servicing
  Date: 2023-06-11T01:09:57.2370000Z
  Event ID: 2
  Task: N/A
  Level: 정보
  Opcode: 정보
  Keyword: N/A
  User: S-1-5-18
  User Name: NT AUTHORITY\SYSTEM
  Computer: DESKTOP-SEBGP1U
  Description: 
Package KB5026361 was successfully changed to the Installed state.

Event[93]:
  Log Name: Setup
  Source: Microsoft-Windows-Servicing
  Date: 2023-06-11T01:09:57.7430000Z
  Event ID: 2
  Task: N/A
  Level: 정보
  Opcode: 정보
  Keyword: N/A
  User: S-1-5-18
  User Name: NT AUTHORITY\SYSTEM
  Computer: DESKTOP-SEBGP1U
  Description: 
Package Language Pack was successfully changed to the Installed state.

Event[94]:
  Log Name: Setup
  Source: Microsoft-Windows-Servicing
  Date: 2023-06-11T01:09:57.7430000Z
  Event ID: 2
  Task: N/A
  Level: 정보
  Opcode: 정보
  Keyword: N/A
  User: S-1-5-18
  User Name: NT AUTHORITY\SYSTEM
  Computer: DESKTOP-SEBGP1U
  Description: 
Package Microsoft-Windows-StepsRecorder-ja-JP was successfully changed to the Installed state.

Event[95]:
  Log Name: Setup
  Source: Microsoft-Windows-Servicing
  Date: 2023-06-11T01:09:57.7430000Z
  Event ID: 2
  Task: N/A
  Level: 정보
  Opcode: 정보
  Keyword: N/A
  User: S-1-5-18
  User Name: NT AUTHORITY\SYSTEM
  Computer: DESKTOP-SEBGP1U
  Description: 
Package Microsoft-Windows-StepsRecorder-ja-JP was successfully changed to the Installed state.

Event[96]:
  Log Name: Setup
  Source: Microsoft-Windows-Servicing
  Date: 2023-06-11T01:09:57.7430000Z
  Event ID: 2
  Task: N/A
  Level: 정보
  Opcode: 정보
  Keyword: N/A
  User: S-1-5-18
  User Name: NT AUTHORITY\SYSTEM
  Computer: DESKTOP-SEBGP1U
  Description: 
Package Microsoft-Windows-MSPaint-FoD-ja-JP was successfully changed to the Installed state.

Event[97]:
  Log Name: Setup
  Source: Microsoft-Windows-Servicing
  Date: 2023-06-11T01:09:57.7430000Z
  Event ID: 2
  Task: N/A
  Level: 정보
  Opcode: 정보
  Keyword: N/A
  User: S-1-5-18
  User Name: NT AUTHORITY\SYSTEM
  Computer: DESKTOP-SEBGP1U
  Description: 
Package Microsoft-Windows-MSPaint-FoD-ja-JP was successfully changed to the Installed state.

Event[98]:
  Log Name: Setup
  Source: Microsoft-Windows-Servicing
  Date: 2023-06-11T01:09:57.7430000Z
  Event ID: 2
  Task: N/A
  Level: 정보
  Opcode: 정보
  Keyword: N/A
  User: S-1-5-18
  User Name: NT AUTHORITY\SYSTEM
  Computer: DESKTOP-SEBGP1U
  Description: 
Package Microsoft-Windows-Notepad-FoD-ja-JP was successfully changed to the Installed state.

Event[99]:
  Log Name: Setup
  Source: Microsoft-Windows-Servicing
  Date: 2023-06-11T01:09:57.7430000Z
  Event ID: 2
  Task: N/A
  Level: 정보
  Opcode: 정보
  Keyword: N/A
  User: S-1-5-18
  User Name: NT AUTHORITY\SYSTEM
  Computer: DESKTOP-SEBGP1U
  Description: 
Package Microsoft-Windows-Notepad-FoD-ja-JP was successfully changed to the Installed state.

Event[100]:
  Log Name: Setup
  Source: Microsoft-Windows-Servicing
  Date: 2023-06-11T01:09:57.7430000Z
  Event ID: 2
  Task: N/A
  Level: 정보
  Opcode: 정보
  Keyword: N/A
  User: S-1-5-18
  User Name: NT AUTHORITY\SYSTEM
  Computer: DESKTOP-SEBGP1U
  Description: 
Package Microsoft-Windows-PowerShell-ISE-FOD-ja-JP was successfully changed to the Installed state.

Event[101]:
  Log Name: Setup
  Source: Microsoft-Windows-Servicing
  Date: 2023-06-11T01:09:57.7430000Z
  Event ID: 2
  Task: N/A
  Level: 정보
  Opcode: 정보
  Keyword: N/A
  User: S-1-5-18
  User Name: NT AUTHORITY\SYSTEM
  Computer: DESKTOP-SEBGP1U
  Description: 
Package Microsoft-Windows-PowerShell-ISE-FOD-ja-JP was successfully changed to the Installed state.

Event[102]:
  Log Name: Setup
  Source: Microsoft-Windows-Servicing
  Date: 2023-06-11T01:09:57.7430000Z
  Event ID: 2
  Task: N/A
  Level: 정보
  Opcode: 정보
  Keyword: N/A
  User: S-1-5-18
  User Name: NT AUTHORITY\SYSTEM
  Computer: DESKTOP-SEBGP1U
  Description: 
Package Microsoft-Windows-WordPad-FoD-ja-JP was successfully changed to the Installed state.

Event[103]:
  Log Name: Setup
  Source: Microsoft-Windows-Servicing
  Date: 2023-06-11T01:09:57.7430000Z
  Event ID: 2
  Task: N/A
  Level: 정보
  Opcode: 정보
  Keyword: N/A
  User: S-1-5-18
  User Name: NT AUTHORITY\SYSTEM
  Computer: DESKTOP-SEBGP1U
  Description: 
Package Microsoft-Windows-WordPad-FoD-ja-JP was successfully changed to the Installed state.

Event[104]:
  Log Name: Setup
  Source: Microsoft-Windows-Servicing
  Date: 2023-06-11T01:09:57.7430000Z
  Event ID: 2
  Task: N/A
  Level: 정보
  Opcode: 정보
  Keyword: N/A
  User: S-1-5-18
  User Name: NT AUTHORITY\SYSTEM
  Computer: DESKTOP-SEBGP1U
  Description: 
Package Microsoft-Windows-Printing-WFS-FoD-ja-JP was successfully changed to the Installed state.

Event[0]:
  Log Name: Setup
  Source: Microsoft-Windows-Servicing
  Date: 2023-02-15T15:09:22.2500000Z
  Event ID: 1
  Task: N/A
  Level: 정보
  Opcode: 정보
  Keyword: N/A
  User: S-1-5-18
  User Name: NT AUTHORITY\SYSTEM
  Computer: DESKTOP-SEBGP1U
  Description: 
Initiating changes for package KB5020683. Current state is Absent. Target state is Installed. Client id: WindowsUpdateAgent.

Event[1]:
  Log Name: Setup
  Source: Microsoft-Windows-Servicing
  Date: 2023-02-15T15:09:38.8470000Z
  Event ID: 2
  Task: N/A
  Level: 정보
  Opcode: 정보
  Keyword: N/A
  User: S-1-5-18
  User Name: NT AUTHORITY\SYSTEM
  Computer: DESKTOP-SEBGP1U
  Description: 
Package KB5020683 was successfully changed to the Installed state.

Event[2]:
  Log Name: Setup
  Source: Microsoft-Windows-Servicing
  Date: 2023-02-16T16:18:32.2120000Z
  Event ID: 1
  Task: N/A
  Level: 정보
  Opcode: 정보
  Keyword: N/A
  User: S-1-5-18
  User Name: NT AUTHORITY\SYSTEM
  Computer: DESKTOP-SEBGP1U
  Description: 
Initiating changes for package KB5022502. Current state is Absent. Target state is Installed. Client id: WindowsUpdateAgent.

Event[3]:
  Log Name: Setup
  Source: Microsoft-Windows-Servicing
  Date: 2023-02-16T19:50:31.3060000Z
  Event ID: 4
  Task: N/A
  Level: 정보
  Opcode: 정보
  Keyword: N/A
  User: S-1-5-18
  User Name: NT AUTHORITY\SYSTEM
  Computer: DESKTOP-SEBGP1U
  Description: 
A reboot is necessary before package KB5022502 can be changed to the Installed state.

Event[4]:
  Log Name: Setup
  Source: Microsoft-Windows-Servicing
  Date: 2023-02-16T19:51:07.4430000Z
  Event ID: 2
  Task: N/A
  Level: 정보
  Opcode: 정보
  Keyword: N/A
  User: S-1-5-18
  User Name: NT AUTHORITY\SYSTEM
  Computer: DESKTOP-SEBGP1U
  Description: 
Package KB5022502 was successfully changed to the Installed state.

Event[5]:
  Log Name: Setup
  Source: Microsoft-Windows-Servicing
  Date: 2023-02-17T16:31:40.1250000Z
  Event ID: 8
  Task: N/A
  Level: 정보
  Opcode: 정보
  Keyword: N/A
  User: S-1-5-18
  User Name: NT AUTHORITY\SYSTEM
  Computer: DESKTOP-SEBGP1U
  Description: 
Initiating changes to turn off update Windows-Defender-Default-Definitions of package Windows-Defender-Client. Client id: DISM Package Manager Provider.

Event[6]:
  Log Name: Setup
  Source: Microsoft-Windows-Servicing
  Date: 2023-02-17T16:31:41.6640000Z
  Event ID: 10
  Task: N/A
  Level: 정보
  Opcode: 정보
  Keyword: N/A
  User: S-1-5-18
  User Name: NT AUTHORITY\SYSTEM
  Computer: DESKTOP-SEBGP1U
  Description: 
Selectable update Windows-Defender-Default-Definitions of package Windows-Defender-Client was successfully turned off.

Event[7]:
  Log Name: Setup
  Source: Microsoft-Windows-Servicing
  Date: 2023-02-18T00:26:43.7870000Z
  Event ID: 1
  Task: N/A
  Level: 정보
  Opcode: 정보
  Keyword: N/A
  User: S-1-5-18
  User Name: NT AUTHORITY\SYSTEM
  Computer: DESKTOP-SEBGP1U
  Description: 
Initiating changes for package KB5022834. Current state is Absent. Target state is Installed. Client id: UpdateAgentLCU.

Event[8]:
  Log Name: Setup
  Source: Microsoft-Windows-Servicing
  Date: 2023-02-18T00:33:14.1640000Z
  Event ID: 4
  Task: N/A
  Level: 정보
  Opcode: 정보
  Keyword: N/A
  User: S-1-5-18
  User Name: NT AUTHORITY\SYSTEM
  Computer: DESKTOP-SEBGP1U
  Description: 
A reboot is necessary before package KB5022834 can be changed to the Installed state.

Event[9]:
  Log Name: Setup
  Source: Microsoft-Windows-Servicing
  Date: 2023-02-18T01:52:01.4290000Z
  Event ID: 2
  Task: N/A
  Level: 정보
  Opcode: 정보
  Keyword: N/A
  User: S-1-5-18
  User Name: NT AUTHORITY\SYSTEM
  Computer: DESKTOP-SEBGP1U
  Description: 
Package KB5022834 was successfully changed to the Installed state.

Event[10]:
  Log Name: Setup
  Source: Microsoft-Windows-Servicing
  Date: 2023-03-18T00:32:02.4340000Z
  Event ID: 1
  Task: N/A
  Level: 정보
  Opcode: 정보
  Keyword: N/A
  User: S-1-5-18
  User Name: NT AUTHORITY\SYSTEM
  Computer: DESKTOP-SEBGP1U
  Description: 
Initiating changes for package KB5022924. Current state is Absent. Target state is Installed. Client id: UpdateAgentLCU.

Event[11]:
  Log Name: Setup
  Source: Microsoft-Windows-Servicing
  Date: 2023-03-18T00:32:07.4600000Z
  Event ID: 2
  Task: N/A
  Level: 정보
  Opcode: 정보
  Keyword: N/A
  User: S-1-5-18
  User Name: NT AUTHORITY\SYSTEM
  Computer: DESKTOP-SEBGP1U
  Description: 
Package KB5022924 was successfully changed to the Installed state.

Event[12]:
  Log Name: Setup
  Source: Microsoft-Windows-Servicing
  Date: 2023-03-18T00:32:50.4520000Z
  Event ID: 1
  Task: N/A
  Level: 정보
  Opcode: 정보
  Keyword: N/A
  User: S-1-5-18
  User Name: NT AUTHORITY\SYSTEM
  Computer: DESKTOP-SEBGP1U
  Description: 
Initiating changes for package KB5023696. Current state is Absent. Target state is Installed. Client id: UpdateAgentLCU.

Event[13]:
  Log Name: Setup
  Source: Microsoft-Windows-Servicing
  Date: 2023-03-18T00:39:02.4050000Z
  Event ID: 4
  Task: N/A
  Level: 정보
  Opcode: 정보
  Keyword: N/A
  User: S-1-5-18
  User Name: NT AUTHORITY\SYSTEM
  Computer: DESKTOP-SEBGP1U
  Description: 
A reboot is necessary before package KB5023696 can be changed to the Installed state.

Event[14]:
  Log Name: Setup
  Source: Microsoft-Windows-Servicing
  Date: 2023-03-18T03:02:44.4100000Z
  Event ID: 2
  Task: N/A
  Level: 정보
  Opcode: 정보
  Keyword: N/A
  User: S-1-5-18
  User Name: NT AUTHORITY\SYSTEM
  Computer: DESKTOP-SEBGP1U
  Description: 
Package KB5023696 was successfully changed to the Installed state.

Event[15]:
  Log Name: Setup
  Source: Microsoft-Windows-Servicing
  Date: 2023-03-20T13:07:13.9170000Z
  Event ID: 1
  Task: N/A
  Level: 정보
  Opcode: 정보
  Keyword: N/A
  User: S-1-5-18
  User Name: NT AUTHORITY\SYSTEM
  Computer: DESKTOP-SEBGP1U
  Description: 
Initiating changes for package KB5021233. Current state is Superseded. Target state is Absent. Client id: CbsTask.

Event[16]:
  Log Name: Setup
  Source: Microsoft-Windows-Servicing
  Date: 2023-03-20T13:07:50.1260000Z
  Event ID: 1
  Task: N/A
  Level: 정보
  Opcode: 정보
  Keyword: N/A
  User: S-1-5-18
  User Name: NT AUTHORITY\SYSTEM
  Computer: DESKTOP-SEBGP1U
  Description: 
Initiating changes for package KB5020872. Current state is Superseded. Target state is Absent. Client id: CbsTask.

Event[17]:
  Log Name: Setup
  Source: Microsoft-Windows-Servicing
  Date: 2023-04-13T10:59:35.7740000Z
  Event ID: 1
  Task: N/A
  Level: 정보
  Opcode: 정보
  Keyword: N/A
  User: S-1-5-18
  User Name: NT AUTHORITY\SYSTEM
  Computer: DESKTOP-SEBGP1U
  Description: 
Initiating changes for package KB5023794. Current state is Absent. Target state is Installed. Client id: UpdateAgentLCU.

Event[18]:
  Log Name: Setup
  Source: Microsoft-Windows-Servicing
  Date: 2023-04-13T10:59:40.9840000Z
  Event ID: 2
  Task: N/A
  Level: 정보
  Opcode: 정보
  Keyword: N/A
  User: S-1-5-18
  User Name: NT AUTHORITY\SYSTEM
  Computer: DESKTOP-SEBGP1U
  Description: 
Package KB5023794 was successfully changed to the Installed state.

Event[19]:
  Log Name: Setup
  Source: Microsoft-Windows-Servicing
  Date: 2023-04-13T11:00:22.4180000Z
  Event ID: 1
  Task: N/A
  Level: 정보
  Opcode: 정보
  Keyword: N/A
  User: S-1-5-18
  User Name: NT AUTHORITY\SYSTEM
  Computer: DESKTOP-SEBGP1U
  Description: 
Initiating changes for package KB5025221. Current state is Absent. Target state is Installed. Client id: UpdateAgentLCU.

Event[20]:
  Log Name: Setup
  Source: Microsoft-Windows-Servicing
  Date: 2023-04-13T11:06:18.2160000Z
  Event ID: 4
  Task: N/A
  Level: 정보
  Opcode: 정보
  Keyword: N/A
  User: S-1-5-18
  User Name: NT AUTHORITY\SYSTEM
  Computer: DESKTOP-SEBGP1U
  Description: 
A reboot is necessary before package KB5025221 can be changed to the Installed state.

Event[21]:
  Log Name: Setup
  Source: Microsoft-Windows-Servicing
  Date: 2023-04-13T11:29:01.0460000Z
  Event ID: 2
  Task: N/A
  Level: 정보
  Opcode: 정보
  Keyword: N/A
  User: S-1-5-18
  User Name: NT AUTHORITY\SYSTEM
  Computer: DESKTOP-SEBGP1U
  Description: 
Package KB5025221 was successfully changed to the Installed state.

Event[22]:
  Log Name: Setup
  Source: Microsoft-Windows-Servicing
  Date: 2023-04-18T19:11:37.3360000Z
  Event ID: 1
  Task: N/A
  Level: 정보
  Opcode: 정보
  Keyword: N/A
  User: S-1-5-18
  User Name: NT AUTHORITY\SYSTEM
  Computer: DESKTOP-SEBGP1U
  Description: 
Initiating changes for package KB5025221. Current state is Installed. Target state is Installed. Client id: LCUReservicing.

Event[23]:
  Log Name: Setup
  Source: Microsoft-Windows-Servicing
  Date: 2023-04-18T19:11:50.1170000Z
  Event ID: 2
  Task: N/A
  Level: 정보
  Opcode: 정보
  Keyword: N/A
  User: S-1-5-18
  User Name: NT AUTHORITY\SYSTEM
  Computer: DESKTOP-SEBGP1U
  Description: 
Package KB5025221 was successfully changed to the Installed state.

Event[24]:
  Log Name: Setup
  Source: Microsoft-Windows-Servicing
  Date: 2023-04-21T20:51:04.1400000Z
  Event ID: 8
  Task: N/A
  Level: 정보
  Opcode: 정보
  Keyword: N/A
  User: S-1-5-18
  User Name: NT AUTHORITY\SYSTEM
  Computer: DESKTOP-SEBGP1U
  Description: 
Initiating changes to turn off update SMB1Protocol-Client of package Microsoft-Windows-SMB1. Client id: SMBComponentDisabler.

Event[25]:
  Log Name: Setup
  Source: Microsoft-Windows-Servicing
  Date: 2023-04-21T20:51:04.1400000Z
  Event ID: 8
  Task: N/A
  Level: 정보
  Opcode: 정보
  Keyword: N/A
  User: S-1-5-18
  User Name: NT AUTHORITY\SYSTEM
  Computer: DESKTOP-SEBGP1U
  Description: 
Initiating changes to turn off update SMB1Protocol of package Microsoft-Windows-SMB1. Client id: SMBComponentDisabler.

Event[26]:
