  Log Name: Setup
  Source: Microsoft-Windows-Servicing
  Date: 2022-10-31T15:00:22.522
  Event ID: 7
  Task: N/A
  Level: 정보
  Opcode: 정보
  Keyword: N/A
  User: S-1-5-18
  User Name: NT AUTHORITY\SYSTEM
  Computer: WIN-TE7I9U6FG54
  Description: 
변경 사항을 시작하여 패키지 IIS-WebServer-Core-Package의 업데이트 IIS-FTPServer을(를) 켭니다. 클라이언트 ID: DISM Package Manager Provider.

Event[13]:
  Log Name: Setup
  Source: Microsoft-Windows-Servicing
  Date: 2022-10-31T15:00:22.525
  Event ID: 7
  Task: N/A
  Level: 정보
  Opcode: 정보
  Keyword: N/A
  User: S-1-5-18
  User Name: NT AUTHORITY\SYSTEM
  Computer: WIN-TE7I9U6FG54
  Description: 
변경 사항을 시작하여 패키지 IIS-WebServer-Core-Package의 업데이트 IIS-FTPExtensibility을(를) 켭니다. 클라이언트 ID: DISM Package Manager Provider.

Event[14]:
  Log Name: Setup
  Source: Microsoft-Windows-Servicing
  Date: 2022-10-31T15:00:22.529
  Event ID: 7
  Task: N/A
  Level: 정보
  Opcode: 정보
  Keyword: N/A
  User: S-1-5-18
  User Name: NT AUTHORITY\SYSTEM
  Computer: WIN-TE7I9U6FG54
  Description: 
변경 사항을 시작하여 패키지 IIS-WebServer-Core-Package의 업데이트 IIS-HttpErrors을(를) 켭니다. 클라이언트 ID: DISM Package Manager Provider.

Event[15]:
  Log Name: Setup
  Source: Microsoft-Windows-Servicing
  Date: 2022-10-31T15:00:22.534
  Event ID: 7
  Task: N/A
  Level: 정보
  Opcode: 정보
  Keyword: N/A
  User: S-1-5-18
  User Name: NT AUTHORITY\SYSTEM
  Computer: WIN-TE7I9U6FG54
  Description: 
변경 사항을 시작하여 패키지 IIS-WebServer-Core-Package의 업데이트 IIS-HttpLogging을(를) 켭니다. 클라이언트 ID: DISM Package Manager Provider.

Event[16]:
  Log Name: Setup
  Source: Microsoft-Windows-Servicing
  Date: 2022-10-31T15:00:22.535
  Event ID: 7
  Task: N/A
  Level: 정보
  Opcode: 정보
  Keyword: N/A
  User: S-1-5-18
  User Name: NT AUTHORITY\SYSTEM
  Computer: WIN-TE7I9U6FG54
  Description: 
변경 사항을 시작하여 패키지 IIS-WebServer-Core-Package의 업데이트 IIS-ManagementConsole을(를) 켭니다. 클라이언트 ID: DISM Package Manager Provider.

Event[17]:
  Log Name: Setup
  Source: Microsoft-Windows-Servicing
  Date: 2022-10-31T15:00:22.541
  Event ID: 7
  Task: N/A
  Level: 정보
  Opcode: 정보
  Keyword: N/A
  User: S-1-5-18
  User Name: NT AUTHORITY\SYSTEM
  Computer: WIN-TE7I9U6FG54
  Description: 
변경 사항을 시작하여 패키지 IIS-WebServer-Core-Package의 업데이트 IIS-HttpCompressionStatic을(를) 켭니다. 클라이언트 ID: DISM Package Manager Provider.

Event[18]:
  Log Name: Setup
  Source: Microsoft-Windows-Servicing
  Date: 2022-10-31T15:01:08.740
  Event ID: 9
  Task: N/A
  Level: 정보
  Opcode: 정보
  Keyword: N/A
  User: S-1-5-18
  User Name: NT AUTHORITY\SYSTEM
  Computer: WIN-TE7I9U6FG54
  Description: 
패키지 DNS-Server-Full-Role-Package의 선택 가능한 업데이트 DNS-Server-Full-Role이(가) 성공적으로 켜졌습니다.

Event[19]:
  Log Name: Setup
  Source: Microsoft-Windows-Servicing
  Date: 2022-10-31T15:01:08.740
  Event ID: 9
  Task: N/A
  Level: 정보
  Opcode: 정보
  Keyword: N/A
  User: S-1-5-18
  User Name: NT AUTHORITY\SYSTEM
  Computer: WIN-TE7I9U6FG54
  Description: 
패키지 DNS-Server-Tools-Package의 선택 가능한 업데이트 DNS-Server-Tools이(가) 성공적으로 켜졌습니다.

Event[20]:
  Log Name: Setup
  Source: Microsoft-Windows-Servicing
  Date: 2022-10-31T15:01:08.740
  Event ID: 9
  Task: N/A
  Level: 정보
  Opcode: 정보
  Keyword: N/A
  User: S-1-5-18
  User Name: NT AUTHORITY\SYSTEM
  Computer: WIN-TE7I9U6FG54
  Description: 
패키지 IIS-WebServer-Core-Package의 선택 가능한 업데이트 IIS-CGI이(가) 성공적으로 켜졌습니다.

Event[21]:
  Log Name: Setup
  Source: Microsoft-Windows-Servicing
  Date: 2022-10-31T15:01:08.740
  Event ID: 9
  Task: N/A
  Level: 정보
  Opcode: 정보
  Keyword: N/A
  User: S-1-5-18
  User Name: NT AUTHORITY\SYSTEM
  Computer: WIN-TE7I9U6FG54
  Description: 
패키지 IIS-WebServer-Core-Package의 선택 가능한 업데이트 IIS-StaticContent이(가) 성공적으로 켜졌습니다.

Event[22]:
  Log Name: Setup
  Source: Microsoft-Windows-Servicing
  Date: 2022-10-31T15:01:08.740
  Event ID: 9
  Task: N/A
  Level: 정보
  Opcode: 정보
  Keyword: N/A
  User: S-1-5-18
  User Name: NT AUTHORITY\SYSTEM
  Computer: WIN-TE7I9U6FG54
  Description: 
패키지 IIS-WebServer-Core-Package의 선택 가능한 업데이트 IIS-WebDAV이(가) 성공적으로 켜졌습니다.

Event[23]:
  Log Name: Setup
  Source: Microsoft-Windows-Servicing
  Date: 2022-10-31T15:01:08.740
  Event ID: 9
  Task: N/A
  Level: 정보
  Opcode: 정보
  Keyword: N/A
  User: S-1-5-18
  User Name: NT AUTHORITY\SYSTEM
  Computer: WIN-TE7I9U6FG54
  Description: 
패키지 IIS-WebServer-Core-Package의 선택 가능한 업데이트 IIS-DefaultDocument이(가) 성공적으로 켜졌습니다.

Event[24]:
  Log Name: Setup
  Source: Microsoft-Windows-Servicing
  Date: 2022-10-31T15:01:08.740
  Event ID: 9
  Task: N/A
  Level: 정보
  Opcode: 정보
  Keyword: N/A
  User: S-1-5-18
  User Name: NT AUTHORITY\SYSTEM
  Computer: WIN-TE7I9U6FG54
  Description: 
패키지 IIS-WebServer-Core-Package의 선택 가능한 업데이트 IIS-DirectoryBrowsing이(가) 성공적으로 켜졌습니다.

Event[25]:
  Log Name: Setup
  Source: Microsoft-Windows-Servicing
  Date: 2022-10-31T15:01:08.740
  Event ID: 9
  Task: N/A
  Level: 정보
  Opcode: 정보
  Keyword: N/A
  User: S-1-5-18
  User Name: NT AUTHORITY\SYSTEM
  Computer: WIN-TE7I9U6FG54
  Description: 
패키지 IIS-WebServer-Core-Package의 선택 가능한 업데이트 IIS-RequestFiltering이(가) 성공적으로 켜졌습니다.

Event[26]:
  Log Name: Setup
  Source: Microsoft-Windows-Servicing
  Date: 2022-10-31T15:01:08.740
  Event ID: 9
  Task: N/A
  Level: 정보
  Opcode: 정보
  Keyword: N/A
  User: S-1-5-18
  User Name: NT AUTHORITY\SYSTEM
  Computer: WIN-TE7I9U6FG54
  Description: 
패키지 IIS-WebServer-Core-Package의 선택 가능한 업데이트 IIS-FTPSvc이(가) 성공적으로 켜졌습니다.

Event[27]:
  Log Name: Setup
  Source: Microsoft-Windows-Servicing
  Date: 2022-10-31T15:01:08.740
  Event ID: 9
  Task: N/A
  Level: 정보
  Opcode: 정보
  Keyword: N/A
  User: S-1-5-18
  User Name: NT AUTHORITY\SYSTEM
  Computer: WIN-TE7I9U6FG54
  Description: 
패키지 IIS-WebServer-Core-Package의 선택 가능한 업데이트 IIS-FTPExtensibility이(가) 성공적으로 켜졌습니다.

Event[28]:
  Log Name: Setup
  Source: Microsoft-Windows-Servicing
  Date: 2022-10-31T15:01:08.740
  Event ID: 9
  Task: N/A
  Level: 정보
  Opcode: 정보
  Keyword: N/A
  User: S-1-5-18
  User Name: NT AUTHORITY\SYSTEM
  Computer: WIN-TE7I9U6FG54
  Description: 
패키지 IIS-WebServer-Core-Package의 선택 가능한 업데이트 IIS-HttpErrors이(가) 성공적으로 켜졌습니다.

Event[29]:
  Log Name: Setup
  Source: Microsoft-Windows-Servicing
  Date: 2022-10-31T15:01:08.740
  Event ID: 9
  Task: N/A
  Level: 정보
  Opcode: 정보
  Keyword: N/A
  User: S-1-5-18
  User Name: NT AUTHORITY\SYSTEM
  Computer: WIN-TE7I9U6FG54
  Description: 
패키지 IIS-WebServer-Core-Package의 선택 가능한 업데이트 IIS-HttpLogging이(가) 성공적으로 켜졌습니다.

Event[30]:
  Log Name: Setup
  Source: Microsoft-Windows-Servicing
  Date: 2022-10-31T15:01:08.740
  Event ID: 9
  Task: N/A
  Level: 정보
  Opcode: 정보
  Keyword: N/A
  User: S-1-5-18
  User Name: NT AUTHORITY\SYSTEM
  Computer: WIN-TE7I9U6FG54
  Description: 
패키지 IIS-WebServer-Core-Package의 선택 가능한 업데이트 IIS-ManagementConsole이(가) 성공적으로 켜졌습니다.

Event[31]:
  Log Name: Setup
  Source: Microsoft-Windows-Servicing
  Date: 2022-10-31T15:01:08.740
  Event ID: 9
  Task: N/A
  Level: 정보
  Opcode: 정보
  Keyword: N/A
  User: S-1-5-18
  User Name: NT AUTHORITY\SYSTEM
  Computer: WIN-TE7I9U6FG54
  Description: 
패키지 IIS-WebServer-Core-Package의 선택 가능한 업데이트 IIS-HttpCompressionStatic이(가) 성공적으로 켜졌습니다.

Event[32]:
  Log Name: Setup
  Source: Microsoft-Windows-Servicing
  Date: 2022-11-14T13:23:03.373
  Event ID: 7
  Task: N/A
  Level: 정보
  Opcode: 정보
  Keyword: N/A
  User: S-1-5-18
  User Name: NT AUTHORITY\SYSTEM
  Computer: WIN-TE7I9U6FG54
  Description: 
변경 사항을 시작하여 패키지 Microsoft .NET Framework 4의 업데이트 NetFx4Extended-ASPNET45을(를) 켭니다. 클라이언트 ID: DISM Package Manager Provider.

Event[33]:
  Log Name: Setup
  Source: Microsoft-Windows-Servicing
  Date: 2022-11-14T13:23:03.374
  Event ID: 7
  Task: N/A
  Level: 정보
  Opcode: 정보
  Keyword: N/A
  User: S-1-5-18
  User Name: NT AUTHORITY\SYSTEM
  Computer: WIN-TE7I9U6FG54
  Description: 
변경 사항을 시작하여 패키지 IIS-WebServer-Core-Package의 업데이트 IIS-ISAPIExtensions을(를) 켭니다. 클라이언트 ID: DISM Package Manager Provider.

Event[34]:
  Log Name: Setup
  Source: Microsoft-Windows-Servicing
  Date: 2022-11-14T13:23:03.376
  Event ID: 7
  Task: N/A
  Level: 정보
  Opcode: 정보
  Keyword: N/A
  User: S-1-5-18
  User Name: NT AUTHORITY\SYSTEM
  Computer: WIN-TE7I9U6FG54
  Description: 
변경 사항을 시작하여 패키지 IIS-WebServer-Core-Package의 업데이트 IIS-ISAPIFilter을(를) 켭니다. 클라이언트 ID: DISM Package Manager Provider.

Event[35]:
  Log Name: Setup
  Source: Microsoft-Windows-Servicing
  Date: 2022-11-14T13:23:03.378
  Event ID: 7
  Task: N/A
  Level: 정보
  Opcode: 정보
  Keyword: N/A
  User: S-1-5-18
  User Name: NT AUTHORITY\SYSTEM
  Computer: WIN-TE7I9U6FG54
  Description: 
변경 사항을 시작하여 패키지 IIS-WebServer-Core-Package의 업데이트 IIS-NetFxExtensibility45을(를) 켭니다. 클라이언트 ID: DISM Package Manager Provider.

Event[36]:
  Log Name: Setup
  Source: Microsoft-Windows-Servicing
  Date: 2022-11-14T13:23:10.140
  Event ID: 9
  Task: N/A
  Level: 정보
  Opcode: 정보
  Keyword: N/A
  User: S-1-5-18
  User Name: NT AUTHORITY\SYSTEM
  Computer: WIN-TE7I9U6FG54
  Description: 
패키지 Microsoft .NET Framework 4의 선택 가능한 업데이트 NetFx4Extended-ASPNET45이(가) 성공적으로 켜졌습니다.

Event[37]:
  Log Name: Setup
  Source: Microsoft-Windows-Servicing
  Date: 2022-11-14T13:23:10.140
  Event ID: 9
  Task: N/A
  Level: 정보
  Opcode: 정보
  Keyword: N/A
  User: S-1-5-18
  User Name: NT AUTHORITY\SYSTEM
  Computer: WIN-TE7I9U6FG54
  Description: 
패키지 IIS-WebServer-Core-Package의 선택 가능한 업데이트 IIS-ISAPIExtensions이(가) 성공적으로 켜졌습니다.

Event[38]:
  Log Name: Setup
  Source: Microsoft-Windows-Servicing
  Date: 2022-11-14T13:23:10.140
  Event ID: 9
  Task: N/A
  Level: 정보
  Opcode: 정보
  Keyword: N/A
  User: S-1-5-18
  User Name: NT AUTHORITY\SYSTEM
  Computer: WIN-TE7I9U6FG54
  Description: 
패키지 IIS-WebServer-Core-Package의 선택 가능한 업데이트 IIS-ISAPIFilter이(가) 성공적으로 켜졌습니다.

Event[39]:
  Log Name: Setup
  Source: Microsoft-Windows-Servicing
  Date: 2022-11-14T13:23:10.140
  Event ID: 9
  Task: N/A
  Level: 정보
  Opcode: 정보
  Keyword: N/A
  User: S-1-5-18
  User Name: NT AUTHORITY\SYSTEM
  Computer: WIN-TE7I9U6FG54
  Description: 
패키지 IIS-WebServer-Core-Package의 선택 가능한 업데이트 IIS-NetFxExtensibility45이(가) 성공적으로 켜졌습니다.

Event[0]:
  Log Name: Setup
  Source: Microsoft-Windows-Servicing
  Date: 2022-10-31T15:00:22.502
  Event ID: 7
  Task: N/A
  Level: 정보
  Opcode: 정보
  Keyword: N/A
  User: S-1-5-18
  User Name: NT AUTHORITY\SYSTEM
  Computer: WIN-TE7I9U6FG54
  Description: 
변경 사항을 시작하여 패키지 DNS-Server-Full-Role-Package의 업데이트 DNS-Server-Full-Role을(를) 켭니다. 클라이언트 ID: DISM Package Manager Provider.

Event[1]:
  Log Name: Setup
  Source: Microsoft-Windows-Servicing
  Date: 2022-10-31T15:00:22.502
  Event ID: 7
  Task: N/A
  Level: 정보
  Opcode: 정보
  Keyword: N/A
  User: S-1-5-18
  User Name: NT AUTHORITY\SYSTEM
  Computer: WIN-TE7I9U6FG54
  Description: 
변경 사항을 시작하여 패키지 ServerManager-Core-Package의 업데이트 ServerManager-Core-RSAT을(를) 켭니다. 클라이언트 ID: DISM Package Manager Provider.

Event[2]:
  Log Name: Setup
  Source: Microsoft-Windows-Servicing
  Date: 2022-10-31T15:00:22.502
  Event ID: 7
  Task: N/A
  Level: 정보
  Opcode: 정보
  Keyword: N/A
  User: S-1-5-18
  User Name: NT AUTHORITY\SYSTEM
  Computer: WIN-TE7I9U6FG54
  Description: 
변경 사항을 시작하여 패키지 ServerManager-Core-Package의 업데이트 ServerManager-Core-RSAT-Role-Tools을(를) 켭니다. 클라이언트 ID: DISM Package Manager Provider.

Event[3]:
  Log Name: Setup
  Source: Microsoft-Windows-Servicing
  Date: 2022-10-31T15:00:22.503
  Event ID: 7
  Task: N/A
  Level: 정보
  Opcode: 정보
  Keyword: N/A
  User: S-1-5-18
  User Name: NT AUTHORITY\SYSTEM
  Computer: WIN-TE7I9U6FG54
  Description: 
변경 사항을 시작하여 패키지 DNS-Server-Tools-Package의 업데이트 DNS-Server-Tools을(를) 켭니다. 클라이언트 ID: DISM Package Manager Provider.

Event[4]:
  Log Name: Setup
  Source: Microsoft-Windows-Servicing
  Date: 2022-10-31T15:00:22.503
  Event ID: 7
  Task: N/A
  Level: 정보
  Opcode: 정보
  Keyword: N/A
  User: S-1-5-18
  User Name: NT AUTHORITY\SYSTEM
  Computer: WIN-TE7I9U6FG54
  Description: 
변경 사항을 시작하여 패키지 IIS-WebServer-Core-Package의 업데이트 IIS-WebServerRole을(를) 켭니다. 클라이언트 ID: DISM Package Manager Provider.

Event[5]:
  Log Name: Setup
  Source: Microsoft-Windows-Servicing
  Date: 2022-10-31T15:00:22.508
  Event ID: 7
  Task: N/A
  Level: 정보
  Opcode: 정보
  Keyword: N/A
  User: S-1-5-18
  User Name: NT AUTHORITY\SYSTEM
  Computer: WIN-TE7I9U6FG54
  Description: 
변경 사항을 시작하여 패키지 IIS-WebServer-Core-Package의 업데이트 IIS-CGI을(를) 켭니다. 클라이언트 ID: DISM Package Manager Provider.

Event[6]:
  Log Name: Setup
  Source: Microsoft-Windows-Servicing
  Date: 2022-10-31T15:00:22.509
  Event ID: 7
  Task: N/A
  Level: 정보
  Opcode: 정보
  Keyword: N/A
  User: S-1-5-18
  User Name: NT AUTHORITY\SYSTEM
  Computer: WIN-TE7I9U6FG54
  Description: 
변경 사항을 시작하여 패키지 IIS-WebServer-Core-Package의 업데이트 IIS-StaticContent을(를) 켭니다. 클라이언트 ID: DISM Package Manager Provider.

Event[7]:
  Log Name: Setup
  Source: Microsoft-Windows-Servicing
  Date: 2022-10-31T15:00:22.512
  Event ID: 7
  Task: N/A
  Level: 정보
  Opcode: 정보
  Keyword: N/A
  User: S-1-5-18
  User Name: NT AUTHORITY\SYSTEM
  Computer: WIN-TE7I9U6FG54
  Description: 
변경 사항을 시작하여 패키지 IIS-WebServer-Core-Package의 업데이트 IIS-WebDAV을(를) 켭니다. 클라이언트 ID: DISM Package Manager Provider.

Event[8]:
  Log Name: Setup
  Source: Microsoft-Windows-Servicing
  Date: 2022-10-31T15:00:22.515
  Event ID: 7
  Task: N/A
  Level: 정보
  Opcode: 정보
  Keyword: N/A
  User: S-1-5-18
  User Name: NT AUTHORITY\SYSTEM
  Computer: WIN-TE7I9U6FG54
  Description: 
변경 사항을 시작하여 패키지 IIS-WebServer-Core-Package의 업데이트 IIS-DefaultDocument을(를) 켭니다. 클라이언트 ID: DISM Package Manager Provider.

Event[9]:
  Log Name: Setup
  Source: Microsoft-Windows-Servicing
  Date: 2022-10-31T15:00:22.519
  Event ID: 7
  Task: N/A
  Level: 정보
  Opcode: 정보
  Keyword: N/A
  User: S-1-5-18
  User Name: NT AUTHORITY\SYSTEM
  Computer: WIN-TE7I9U6FG54
  Description: 
변경 사항을 시작하여 패키지 IIS-WebServer-Core-Package의 업데이트 IIS-DirectoryBrowsing을(를) 켭니다. 클라이언트 ID: DISM Package Manager Provider.

Event[10]:
  Log Name: Setup
  Source: Microsoft-Windows-Servicing
  Date: 2022-10-31T15:00:22.522
  Event ID: 7
  Task: N/A
  Level: 정보
  Opcode: 정보
  Keyword: N/A
  User: S-1-5-18
  User Name: NT AUTHORITY\SYSTEM
  Computer: WIN-TE7I9U6FG54
  Description: 
변경 사항을 시작하여 패키지 IIS-WebServer-Core-Package의 업데이트 IIS-RequestFiltering을(를) 켭니다. 클라이언트 ID: DISM Package Manager Provider.

Event[11]:
  Log Name: Setup
  Source: Microsoft-Windows-Servicing
  Date: 2022-10-31T15:00:22.522
  Event ID: 7
  Task: N/A
  Level: 정보
  Opcode: 정보
  Keyword: N/A
  User: S-1-5-18
  User Name: NT AUTHORITY\SYSTEM
  Computer: WIN-TE7I9U6FG54
  Description: 
변경 사항을 시작하여 패키지 IIS-WebServer-Core-Package의 업데이트 IIS-FTPSvc을(를) 켭니다. 클라이언트 ID: DISM Package Manager Provider.

Event[12]:
  Log Name: Setup
  Source: Microsoft-Windows-Servicing
  Date: 2022-10-31T15:00:22.522
  Event ID: 7
  Task: N/A
  Level: 정보
  Opcode: 정보
  Keyword: N/A
  User: S-1-5-18
  User Name: NT AUTHORITY\SYSTEM
  Computer: WIN-TE7I9U6FG54
  Description: 
변경 사항을 시작하여 패키지 IIS-WebServer-Core-Package의 업데이트 IIS-FTPServer을(를) 켭니다. 클라이언트 ID: DISM Package Manager Provider.

Event[13]:
  Log Name: Setup
  Source: Microsoft-Windows-Servicing
  Date: 2022-10-31T15:00:22.525
  Event ID: 7
  Task: N/A
  Level: 정보
  Opcode: 정보
  Keyword: N/A
  User: S-1-5-18
  User Name: NT AUTHORITY\SYSTEM
  Computer: WIN-TE7I9U6FG54
  Description: 
변경 사항을 시작하여 패키지 IIS-WebServer-Core-Package의 업데이트 IIS-FTPExtensibility을(를) 켭니다. 클라이언트 ID: DISM Package Manager Provider.

Event[14]:
  Log Name: Setup
  Source: Microsoft-Windows-Servicing
  Date: 2022-10-31T15:00:22.529
  Event ID: 7
  Task: N/A
  Level: 정보
  Opcode: 정보
  Keyword: N/A
  User: S-1-5-18
  User Name: NT AUTHORITY\SYSTEM
  Computer: WIN-TE7I9U6FG54
  Description: 
변경 사항을 시작하여 패키지 IIS-WebServer-Core-Package의 업데이트 IIS-HttpErrors을(를) 켭니다. 클라이언트 ID: DISM Package Manager Provider.

Event[15]:
  Log Name: Setup
  Source: Microsoft-Windows-Servicing
  Date: 2022-10-31T15:00:22.534
  Event ID: 7
  Task: N/A
  Level: 정보
  Opcode: 정보
  Keyword: N/A
  User: S-1-5-18
  User Name: NT AUTHORITY\SYSTEM
  Computer: WIN-TE7I9U6FG54
  Description: 
변경 사항을 시작하여 패키지 IIS-WebServer-Core-Package의 업데이트 IIS-HttpLogging을(를) 켭니다. 클라이언트 ID: DISM Package Manager Provider.

Event[16]:
  Log Name: Setup
  Source: Microsoft-Windows-Servicing
  Date: 2022-10-31T15:00:22.535
  Event ID: 7
  Task: N/A
  Level: 정보
  Opcode: 정보
  Keyword: N/A
  User: S-1-5-18
  User Name: NT AUTHORITY\SYSTEM
  Computer: WIN-TE7I9U6FG54
  Description: 
변경 사항을 시작하여 패키지 IIS-WebServer-Core-Package의 업데이트 IIS-ManagementConsole을(를) 켭니다. 클라이언트 ID: DISM Package Manager Provider.

Event[17]:
  Log Name: Setup
  Source: Microsoft-Windows-Servicing
  Date: 2022-10-31T15:00:22.541
  Event ID: 7
  Task: N/A
  Level: 정보
  Opcode: 정보
  Keyword: N/A
  User: S-1-5-18
  User Name: NT AUTHORITY\SYSTEM
  Computer: WIN-TE7I9U6FG54
  Description: 
변경 사항을 시작하여 패키지 IIS-WebServer-Core-Package의 업데이트 IIS-HttpCompressionStatic을(를) 켭니다. 클라이언트 ID: DISM Package Manager Provider.

Event[18]:
  Log Name: Setup
  Source: Microsoft-Windows-Servicing
  Date: 2022-10-31T15:01:08.740
  Event ID: 9
  Task: N/A
  Level: 정보
  Opcode: 정보
  Keyword: N/A
  User: S-1-5-18
  User Name: NT AUTHORITY\SYSTEM
  Computer: WIN-TE7I9U6FG54
  Description: 
패키지 DNS-Server-Full-Role-Package의 선택 가능한 업데이트 DNS-Server-Full-Role이(가) 성공적으로 켜졌습니다.

Event[19]:
  Log Name: Setup
  Source: Microsoft-Windows-Servicing
  Date: 2022-10-31T15:01:08.740
  Event ID: 9
  Task: N/A
  Level: 정보
  Opcode: 정보
  Keyword: N/A
  User: S-1-5-18
  User Name: NT AUTHORITY\SYSTEM
  Computer: WIN-TE7I9U6FG54
  Description: 
패키지 DNS-Server-Tools-Package의 선택 가능한 업데이트 DNS-Server-Tools이(가) 성공적으로 켜졌습니다.

Event[20]:
  Log Name: Setup
  Source: Microsoft-Windows-Servicing
  Date: 2022-10-31T15:01:08.740
  Event ID: 9
  Task: N/A
  Level: 정보
  Opcode: 정보
  Keyword: N/A
  User: S-1-5-18
  User Name: NT AUTHORITY\SYSTEM
  Computer: WIN-TE7I9U6FG54
  Description: 
패키지 IIS-WebServer-Core-Package의 선택 가능한 업데이트 IIS-CGI이(가) 성공적으로 켜졌습니다.

Event[21]:
  Log Name: Setup
  Source: Microsoft-Windows-Servicing
  Date: 2022-10-31T15:01:08.740
  Event ID: 9
  Task: N/A
  Level: 정보
  Opcode: 정보
  Keyword: N/A
  User: S-1-5-18
  User Name: NT AUTHORITY\SYSTEM
  Computer: WIN-TE7I9U6FG54
  Description: 
패키지 IIS-WebServer-Core-Package의 선택 가능한 업데이트 IIS-StaticContent이(가) 성공적으로 켜졌습니다.

Event[22]:
  Log Name: Setup
  Source: Microsoft-Windows-Servicing
  Date: 2022-10-31T15:01:08.740
  Event ID: 9
  Task: N/A
  Level: 정보
  Opcode: 정보
  Keyword: N/A
  User: S-1-5-18
  User Name: NT AUTHORITY\SYSTEM
  Computer: WIN-TE7I9U6FG54
  Description: 
패키지 IIS-WebServer-Core-Package의 선택 가능한 업데이트 IIS-WebDAV이(가) 성공적으로 켜졌습니다.

Event[23]:
  Log Name: Setup
  Source: Microsoft-Windows-Servicing
  Date: 2022-10-31T15:01:08.740
  Event ID: 9
  Task: N/A
  Level: 정보
  Opcode: 정보
  Keyword: N/A
  User: S-1-5-18
  User Name: NT AUTHORITY\SYSTEM
  Computer: WIN-TE7I9U6FG54
  Description: 
패키지 IIS-WebServer-Core-Package의 선택 가능한 업데이트 IIS-DefaultDocument이(가) 성공적으로 켜졌습니다.

Event[24]:
  Log Name: Setup
  Source: Microsoft-Windows-Servicing
  Date: 2022-10-31T15:01:08.740
  Event ID: 9
  Task: N/A
  Level: 정보
  Opcode: 정보
  Keyword: N/A
  User: S-1-5-18
  User Name: NT AUTHORITY\SYSTEM
  Computer: WIN-TE7I9U6FG54
  Description: 
패키지 IIS-WebServer-Core-Package의 선택 가능한 업데이트 IIS-DirectoryBrowsing이(가) 성공적으로 켜졌습니다.

Event[25]:
  Log Name: Setup
  Source: Microsoft-Windows-Servicing
  Date: 2022-10-31T15:01:08.740
  Event ID: 9
  Task: N/A
  Level: 정보
  Opcode: 정보
  Keyword: N/A
  User: S-1-5-18
  User Name: NT AUTHORITY\SYSTEM
  Computer: WIN-TE7I9U6FG54
  Description: 
패키지 IIS-WebServer-Core-Package의 선택 가능한 업데이트 IIS-RequestFiltering이(가) 성공적으로 켜졌습니다.

Event[26]:
  Log Name: Setup
  Source: Microsoft-Windows-Servicing
  Date: 2022-10-31T15:01:08.740
  Event ID: 9
  Task: N/A
  Level: 정보
  Opcode: 정보
  Keyword: N/A
  User: S-1-5-18
  User Name: NT AUTHORITY\SYSTEM
  Computer: WIN-TE7I9U6FG54
  Description: 
패키지 IIS-WebServer-Core-Package의 선택 가능한 업데이트 IIS-FTPSvc이(가) 성공적으로 켜졌습니다.

Event[27]:
  Log Name: Setup
  Source: Microsoft-Windows-Servicing
  Date: 2022-10-31T15:01:08.740
  Event ID: 9
  Task: N/A
  Level: 정보
  Opcode: 정보
  Keyword: N/A
  User: S-1-5-18
  User Name: NT AUTHORITY\SYSTEM
  Computer: WIN-TE7I9U6FG54
  Description: 
패키지 IIS-WebServer-Core-Package의 선택 가능한 업데이트 IIS-FTPExtensibility이(가) 성공적으로 켜졌습니다.

Event[28]:
  Log Name: Setup
  Source: Microsoft-Windows-Servicing
  Date: 2022-10-31T15:01:08.740
  Event ID: 9
  Task: N/A
  Level: 정보
  Opcode: 정보
  Keyword: N/A
  User: S-1-5-18
  User Name: NT AUTHORITY\SYSTEM
  Computer: WIN-TE7I9U6FG54
  Description: 
패키지 IIS-WebServer-Core-Package의 선택 가능한 업데이트 IIS-HttpErrors이(가) 성공적으로 켜졌습니다.

Event[29]:
  Log Name: Setup
  Source: Microsoft-Windows-Servicing
  Date: 2022-10-31T15:01:08.740
  Event ID: 9
  Task: N/A
  Level: 정보
  Opcode: 정보
  Keyword: N/A
  User: S-1-5-18
  User Name: NT AUTHORITY\SYSTEM
  Computer: WIN-TE7I9U6FG54
  Description: 
패키지 IIS-WebServer-Core-Package의 선택 가능한 업데이트 IIS-HttpLogging이(가) 성공적으로 켜졌습니다.

Event[30]:
  Log Name: Setup
  Source: Microsoft-Windows-Servicing
  Date: 2022-10-31T15:01:08.740
  Event ID: 9
  Task: N/A
  Level: 정보
  Opcode: 정보
  Keyword: N/A
  User: S-1-5-18
  User Name: NT AUTHORITY\SYSTEM
  Computer: WIN-TE7I9U6FG54
  Description: 
패키지 IIS-WebServer-Core-Package의 선택 가능한 업데이트 IIS-ManagementConsole이(가) 성공적으로 켜졌습니다.

Event[31]:
  Log Name: Setup
  Source: Microsoft-Windows-Servicing
  Date: 2022-10-31T15:01:08.740
  Event ID: 9
  Task: N/A
  Level: 정보
  Opcode: 정보
  Keyword: N/A
  User: S-1-5-18
  User Name: NT AUTHORITY\SYSTEM
  Computer: WIN-TE7I9U6FG54
  Description: 
패키지 IIS-WebServer-Core-Package의 선택 가능한 업데이트 IIS-HttpCompressionStatic이(가) 성공적으로 켜졌습니다.

Event[32]:
  Log Name: Setup
  Source: Microsoft-Windows-Servicing
  Date: 2022-11-14T13:23:03.373
  Event ID: 7
  Task: N/A
  Level: 정보
  Opcode: 정보
  Keyword: N/A
  User: S-1-5-18
  User Name: NT AUTHORITY\SYSTEM
  Computer: WIN-TE7I9U6FG54
  Description: 
변경 사항을 시작하여 패키지 Microsoft .NET Framework 4의 업데이트 NetFx4Extended-ASPNET45을(를) 켭니다. 클라이언트 ID: DISM Package Manager Provider.

Event[33]:
  Log Name: Setup
  Source: Microsoft-Windows-Servicing
  Date: 2022-11-14T13:23:03.374
  Event ID: 7
  Task: N/A
  Level: 정보
  Opcode: 정보
  Keyword: N/A
  User: S-1-5-18
  User Name: NT AUTHORITY\SYSTEM
  Computer: WIN-TE7I9U6FG54
  Description: 
변경 사항을 시작하여 패키지 IIS-WebServer-Core-Package의 업데이트 IIS-ISAPIExtensions을(를) 켭니다. 클라이언트 ID: DISM Package Manager Provider.

Event[34]:
  Log Name: Setup
  Source: Microsoft-Windows-Servicing
  Date: 2022-11-14T13:23:03.376
  Event ID: 7
  Task: N/A
  Level: 정보
  Opcode: 정보
  Keyword: N/A
  User: S-1-5-18
  User Name: NT AUTHORITY\SYSTEM
  Computer: WIN-TE7I9U6FG54
  Description: 
변경 사항을 시작하여 패키지 IIS-WebServer-Core-Package의 업데이트 IIS-ISAPIFilter을(를) 켭니다. 클라이언트 ID: DISM Package Manager Provider.

Event[35]:
  Log Name: Setup
  Source: Microsoft-Windows-Servicing
  Date: 2022-11-14T13:23:03.378
  Event ID: 7
  Task: N/A
  Level: 정보
  Opcode: 정보
  Keyword: N/A
  User: S-1-5-18
  User Name: NT AUTHORITY\SYSTEM
  Computer: WIN-TE7I9U6FG54
  Description: 
변경 사항을 시작하여 패키지 IIS-WebServer-Core-Package의 업데이트 IIS-NetFxExtensibility45을(를) 켭니다. 클라이언트 ID: DISM Package Manager Provider.

Event[36]:
  Log Name: Setup
  Source: Microsoft-Windows-Servicing
  Date: 2022-11-14T13:23:10.140
  Event ID: 9
  Task: N/A
  Level: 정보
  Opcode: 정보
  Keyword: N/A
  User: S-1-5-18
  User Name: NT AUTHORITY\SYSTEM
  Computer: WIN-TE7I9U6FG54
  Description: 
패키지 Microsoft .NET Framework 4의 선택 가능한 업데이트 NetFx4Extended-ASPNET45이(가) 성공적으로 켜졌습니다.

Event[37]:
  Log Name: Setup
  Source: Microsoft-Windows-Servicing
  Date: 2022-11-14T13:23:10.140
  Event ID: 9
  Task: N/A
  Level: 정보
  Opcode: 정보
  Keyword: N/A
  User: S-1-5-18
  User Name: NT AUTHORITY\SYSTEM
  Computer: WIN-TE7I9U6FG54
  Description: 
패키지 IIS-WebServer-Core-Package의 선택 가능한 업데이트 IIS-ISAPIExtensions이(가) 성공적으로 켜졌습니다.

Event[38]:
  Log Name: Setup
  Source: Microsoft-Windows-Servicing
  Date: 2022-11-14T13:23:10.140
  Event ID: 9
  Task: N/A
  Level: 정보
  Opcode: 정보
  Keyword: N/A
  User: S-1-5-18
  User Name: NT AUTHORITY\SYSTEM
  Computer: WIN-TE7I9U6FG54
  Description: 
패키지 IIS-WebServer-Core-Package의 선택 가능한 업데이트 IIS-ISAPIFilter이(가) 성공적으로 켜졌습니다.

Event[39]:
  Log Name: Setup
  Source: Microsoft-Windows-Servicing
  Date: 2022-11-14T13:23:10.140
  Event ID: 9
  Task: N/A
  Level: 정보
  Opcode: 정보
  Keyword: N/A
  User: S-1-5-18
  User Name: NT AUTHORITY\SYSTEM
  Computer: WIN-TE7I9U6FG54
  Description: 
패키지 IIS-WebServer-Core-Package의 선택 가능한 업데이트 IIS-NetFxExtensibility45이(가) 성공적으로 켜졌습니다.

Event[0]
  Log Name: Setup
  Source: Microsoft-Windows-Servicing
  Date: 2023-03-07T13:08:10.4860000Z
  Event ID: 8
  Task: N/A
  Level: 정보
  Opcode: 정보 
  Keyword: N/A
  User: S-1-5-18
  User Name: NT AUTHORITY\SYSTEM
  Computer: BlueRain
  Description: 
Initiating changes to turn off update Windows-Defender-Default-Definitions of package Windows-Defender-AM-Default-Definitions-OptionalWrapper. Client id: DISM Package Manager Provider.

Event[1]
  Log Name: Setup
  Source: Microsoft-Windows-Servicing
  Date: 2023-03-07T13:08:22.2230000Z
  Event ID: 10
  Task: N/A
  Level: 정보
  Opcode: 정보 
  Keyword: N/A
  User: S-1-5-18
  User Name: NT AUTHORITY\SYSTEM
  Computer: BlueRain
  Description: 
Selectable update Windows-Defender-Default-Definitions of package Windows-Defender-AM-Default-Definitions-OptionalWrapper was successfully turned off.

Event[2]
  Log Name: Setup
  Source: Microsoft-Windows-Servicing
  Date: 2023-03-14T10:02:23.6440000Z
  Event ID: 1
  Task: N/A
  Level: 정보
  Opcode: 정보 
  Keyword: N/A
  User: S-1-5-18
  User Name: NT AUTHORITY\SYSTEM
  Computer: BlueRain
  Description: 
Initiating changes for package KB5022497. Current state is Absent. Target state is Installed. Client id: WindowsUpdateAgent.

Event[3]
  Log Name: Setup
  Source: Microsoft-Windows-Servicing
  Date: 2023-03-14T10:03:43.1720000Z
  Event ID: 1
  Task: N/A
  Level: 정보
  Opcode: 정보 
  Keyword: N/A
  User: S-1-5-18
  User Name: NT AUTHORITY\SYSTEM
  Computer: BlueRain
  Description: 
Initiating changes for package KB5012170. Current state is Absent. Target state is Installed. Client id: WindowsUpdateAgent.

Event[4]
  Log Name: Setup
  Source: Microsoft-Windows-Servicing
  Date: 2023-03-14T10:03:50.7690000Z
  Event ID: 4
  Task: N/A
  Level: 정보
  Opcode: 정보 
  Keyword: N/A
  User: S-1-5-18
  User Name: NT AUTHORITY\SYSTEM
  Computer: BlueRain
  Description: 
A reboot is necessary before package KB5012170 can be changed to the Installed state.

Event[5]
  Log Name: Setup
  Source: Microsoft-Windows-Servicing
  Date: 2023-03-14T10:04:22.8510000Z
  Event ID: 1
  Task: N/A
  Level: 정보
  Opcode: 정보 
  Keyword: N/A
  User: S-1-5-18
  User Name: NT AUTHORITY\SYSTEM
  Computer: BlueRain
  Description: 
Initiating changes for package KB5022610. Current state is Absent. Target state is Installed. Client id: UpdateAgentLCU.

Event[6]
  Log Name: Setup
  Source: Microsoft-Windows-Servicing
  Date: 2023-03-14T10:05:09.0730000Z
  Event ID: 4
  Task: N/A
  Level: 정보
  Opcode: 정보 
  Keyword: N/A
  User: S-1-5-18
  User Name: NT AUTHORITY\SYSTEM
  Computer: BlueRain
  Description: 
A reboot is necessary before package KB5022610 can be changed to the Installed state.

Event[7]
  Log Name: Setup
  Source: Microsoft-Windows-Servicing
  Date: 2023-03-14T10:43:39.1790000Z
  Event ID: 4
  Task: N/A
  Level: 정보
  Opcode: 정보 
  Keyword: N/A
  User: S-1-5-18
  User Name: NT AUTHORITY\SYSTEM
  Computer: BlueRain
  Description: 
A reboot is necessary before package KB5022497 can be changed to the Installed state.

Event[8]
  Log Name: Setup
  Source: Microsoft-Windows-Servicing
  Date: 2023-03-14T10:44:51.9690000Z
  Event ID: 2
  Task: N/A
  Level: 정보
  Opcode: 정보 
  Keyword: N/A
  User: S-1-5-18
  User Name: NT AUTHORITY\SYSTEM
  Computer: BlueRain
  Description: 
Package KB5022497 was successfully changed to the Installed state.

Event[9]
  Log Name: Setup
  Source: Microsoft-Windows-Servicing
  Date: 2023-03-14T10:44:52.0480000Z
  Event ID: 2
  Task: N/A
  Level: 정보
  Opcode: 정보 
  Keyword: N/A
  User: S-1-5-18
  User Name: NT AUTHORITY\SYSTEM
  Computer: BlueRain
  Description: 
Package KB5012170 was successfully changed to the Installed state.

Event[10]
  Log Name: Setup
  Source: Microsoft-Windows-Servicing
  Date: 2023-03-14T10:44:56.2220000Z
  Event ID: 2
  Task: N/A
  Level: 정보
  Opcode: 정보 
  Keyword: N/A
  User: S-1-5-18
  User Name: NT AUTHORITY\SYSTEM
  Computer: BlueRain
  Description: 
Package KB5022610 was successfully changed to the Installed state.

Event[11]
  Log Name: Setup
  Source: Microsoft-Windows-Servicing
  Date: 2023-03-14T13:46:41.7790000Z
  Event ID: 1
  Task: N/A
  Level: 정보
  Opcode: 정보 
  Keyword: N/A
  User: S-1-5-18
  User Name: NT AUTHORITY\SYSTEM
  Computer: BlueRain
  Description: 
Initiating changes for package KB5020487. Current state is Installed. Target state is Absent. Client id: CbsTask.

Event[12]
  Log Name: Setup
  Source: Microsoft-Windows-Servicing
  Date: 2023-03-19T22:49:19.9340000Z
  Event ID: 1
  Task: N/A
  Level: 정보
  Opcode: 정보 
  Keyword: N/A
  User: S-1-5-18
  User Name: NT AUTHORITY\SYSTEM
  Computer: BlueRain
  Description: 
Initiating changes for package Windows Professional Edition. Current state is Superseded. Target state is Absent. Client id: Arbiter.

Event[13]
  Log Name: Setup
  Source: Microsoft-Windows-Servicing
  Date: 2023-03-19T22:50:25.5840000Z
  Event ID: 1
  Task: N/A
  Level: 정보
  Opcode: 정보 
  Keyword: N/A
  User: S-1-5-18
  User Name: NT AUTHORITY\SYSTEM
  Computer: BlueRain
  Description: 
Initiating changes for package KB777778. Current state is Superseded. Target state is Absent. Client id: Arbiter.

Event[14]
  Log Name: Setup
  Source: Microsoft-Windows-Servicing
  Date: 2023-03-19T22:50:26.9420000Z
  Event ID: 1
  Task: N/A
  Level: 정보
  Opcode: 정보 
  Keyword: N/A
  User: S-1-5-18
  User Name: NT AUTHORITY\SYSTEM
  Computer: BlueRain
  Description: 
Initiating changes for package Language Pack. Current state is Superseded. Target state is Absent. Client id: Arbiter.

Event[15]
  Log Name: Setup
  Source: Microsoft-Windows-Servicing
  Date: 2023-03-19T22:50:34.0730000Z
  Event ID: 1
  Task: N/A
  Level: 정보
  Opcode: 정보 
  Keyword: N/A
  User: S-1-5-18
  User Name: NT AUTHORITY\SYSTEM
  Computer: BlueRain
  Description: 
Initiating changes for package Language Pack. Current state is Superseded. Target state is Absent. Client id: Arbiter.

Event[16]
  Log Name: Setup
  Source: Microsoft-Windows-Servicing
  Date: 2023-03-19T22:50:41.1200000Z
  Event ID: 1
  Task: N/A
  Level: 정보
  Opcode: 정보 
  Keyword: N/A
  User: S-1-5-18
  User Name: NT AUTHORITY\SYSTEM
  Computer: BlueRain
  Description: 
Initiating changes for package KB777778. Current state is Superseded. Target state is Absent. Client id: Arbiter.

Event[17]
  Log Name: Setup
  Source: Microsoft-Windows-Servicing
  Date: 2023-03-19T22:50:42.5480000Z
  Event ID: 1
  Task: N/A
  Level: 정보
  Opcode: 정보 
  Keyword: N/A
  User: S-1-5-18
  User Name: NT AUTHORITY\SYSTEM
  Computer: BlueRain
  Description: 
Initiating changes for package KB777778. Current state is Superseded. Target state is Absent. Client id: Arbiter.

Event[18]
  Log Name: Setup
  Source: Microsoft-Windows-Servicing
  Date: 2023-03-19T22:50:43.7290000Z
  Event ID: 1
  Task: N/A
  Level: 정보
  Opcode: 정보 
  Keyword: N/A
  User: S-1-5-18
  User Name: NT AUTHORITY\SYSTEM
  Computer: BlueRain
  Description: 
Initiating changes for package KB777778. Current state is Superseded. Target state is Absent. Client id: Arbiter.

Event[19]
  Log Name: Setup
  Source: Microsoft-Windows-Servicing
  Date: 2023-03-19T22:50:45.4560000Z
  Event ID: 1
  Task: N/A
  Level: 정보
  Opcode: 정보 
  Keyword: N/A
  User: S-1-5-18
  User Name: NT AUTHORITY\SYSTEM
  Computer: BlueRain
  Description: 
Initiating changes for package KB777778. Current state is Superseded. Target state is Absent. Client id: Arbiter.

Event[20]
  Log Name: Setup
  Source: Microsoft-Windows-Servicing
  Date: 2023-03-19T22:50:47.7010000Z
  Event ID: 1
  Task: N/A
  Level: 정보
  Opcode: 정보 
  Keyword: N/A
  User: S-1-5-18
  User Name: NT AUTHORITY\SYSTEM
  Computer: BlueRain
  Description: 
Initiating changes for package KB777778. Current state is Superseded. Target state is Absent. Client id: Arbiter.

Event[21]
  Log Name: Setup
  Source: Microsoft-Windows-Servicing
  Date: 2023-03-19T22:50:48.9380000Z
  Event ID: 1
  Task: N/A
  Level: 정보
  Opcode: 정보 
  Keyword: N/A
  User: S-1-5-18
  User Name: NT AUTHORITY\SYSTEM
  Computer: BlueRain
  Description: 
Initiating changes for package KB777778. Current state is Superseded. Target state is Absent. Client id: Arbiter.

Event[22]
  Log Name: Setup
  Source: Microsoft-Windows-Servicing
  Date: 2023-03-19T22:50:50.3230000Z
  Event ID: 1
  Task: N/A
  Level: 정보
  Opcode: 정보 
  Keyword: N/A
  User: S-1-5-18
  User Name: NT AUTHORITY\SYSTEM
  Computer: BlueRain
  Description: 
Initiating changes for package KB777778. Current state is Superseded. Target state is Absent. Client id: Arbiter.

Event[23]
  Log Name: Setup
  Source: Microsoft-Windows-Servicing
  Date: 2023-03-19T22:50:51.7910000Z
  Event ID: 1
  Task: N/A
  Level: 정보
  Opcode: 정보 
  Keyword: N/A
  User: S-1-5-18
  User Name: NT AUTHORITY\SYSTEM
  Computer: BlueRain
  Description: 
Initiating changes for package KB777778. Current state is Superseded. Target state is Absent. Client id: Arbiter.

Event[24]
  Log Name: Setup
  Source: Microsoft-Windows-Servicing
  Date: 2023-03-19T22:50:53.3340000Z
  Event ID: 1
  Task: N/A
  Level: 정보
  Opcode: 정보 
  Keyword: N/A
  User: S-1-5-18
  User Name: NT AUTHORITY\SYSTEM
  Computer: BlueRain
  Description: 
Initiating changes for package KB777778. Current state is Superseded. Target state is Absent. Client id: Arbiter.

Event[25]
  Log Name: Setup
  Source: Microsoft-Windows-Servicing
  Date: 2023-03-19T22:50:55.6220000Z
  Event ID: 1
  Task: N/A
  Level: 정보
  Opcode: 정보 
  Keyword: N/A
  User: S-1-5-18
  User Name: NT AUTHORITY\SYSTEM
  Computer: BlueRain
  Description: 
Initiating changes for package KB777778. Current state is Superseded. Target state is Absent. Client id: Arbiter.

Event[26]
  Log Name: Setup
  Source: Microsoft-Windows-Servicing
  Date: 2023-03-19T22:50:57.4230000Z
  Event ID: 1
  Task: N/A
  Level: 정보
  Opcode: 정보 
  Keyword: N/A
  User: S-1-5-18
  User Name: NT AUTHORITY\SYSTEM
  Computer: BlueRain
  Description: 
Initiating changes for package KB777778. Current state is Superseded. Target state is Absent. Client id: Arbiter.

Event[27]
  Log Name: Setup
  Source: Microsoft-Windows-Servicing
  Date: 2023-03-19T22:50:59.0050000Z
  Event ID: 1
  Task: N/A
  Level: 정보
  Opcode: 정보 
  Keyword: N/A
  User: S-1-5-18
  User Name: NT AUTHORITY\SYSTEM
  Computer: BlueRain
  Description: 
Initiating changes for package KB777778. Current state is Superseded. Target state is Absent. Client id: Arbiter.

Event[28]
  Log Name: Setup
  Source: Microsoft-Windows-Servicing
  Date: 2023-03-19T22:51:00.6620000Z
  Event ID: 1
  Task: N/A
  Level: 정보
  Opcode: 정보 
  Keyword: N/A
  User: S-1-5-18
  User Name: NT AUTHORITY\SYSTEM
  Computer: BlueRain
  Description: 
Initiating changes for package Microsoft-Windows-MediaPlayer-en-US. Current state is Superseded. Target state is Absent. Client id: Arbiter.

Event[29]
  Log Name: Setup
  Source: Microsoft-Windows-Servicing
  Date: 2023-03-19T22:51:02.3790000Z
  Event ID: 1
  Task: N/A
  Level: 정보
  Opcode: 정보 
  Keyword: N/A
  User: S-1-5-18
  User Name: NT AUTHORITY\SYSTEM
  Computer: BlueRain
  Description: 
Initiating changes for package Microsoft-Windows-MediaPlayer-ko-KR. Current state is Superseded. Target state is Absent. Client id: Arbiter.

Event[30]
  Log Name: Setup
  Source: Microsoft-Windows-Servicing
  Date: 2023-03-19T22:51:04.2290000Z
  Event ID: 1
  Task: N/A
  Level: 정보
  Opcode: 정보 
  Keyword: N/A
  User: S-1-5-18
  User Name: NT AUTHORITY\SYSTEM
  Computer: BlueRain
  Description: 
Initiating changes for package KB777778. Current state is Superseded. Target state is Absent. Client id: Arbiter.

Event[31]
  Log Name: Setup
  Source: Microsoft-Windows-Servicing
  Date: 2023-03-19T22:51:06.2970000Z
  Event ID: 1
  Task: N/A
  Level: 정보
  Opcode: 정보 
  Keyword: N/A
  User: S-1-5-18
  User Name: NT AUTHORITY\SYSTEM
  Computer: BlueRain
  Description: 
Initiating changes for package Microsoft .NET Framework 3.0 OnDemand. Current state is Superseded. Target state is Absent. Client id: Arbiter.

Event[32]
  Log Name: Setup
  Source: Microsoft-Windows-Servicing
  Date: 2023-03-19T22:51:08.2150000Z
  Event ID: 1
  Task: N/A
  Level: 정보
  Opcode: 정보 
  Keyword: N/A
  User: S-1-5-18
  User Name: NT AUTHORITY\SYSTEM
  Computer: BlueRain
  Description: 
Initiating changes for package KB777778. Current state is Superseded. Target state is Absent. Client id: Arbiter.

Event[33]
  Log Name: Setup
  Source: Microsoft-Windows-Servicing
  Date: 2023-03-19T22:51:09.8860000Z
  Event ID: 1
  Task: N/A
  Level: 정보
  Opcode: 정보 
  Keyword: N/A
  User: S-1-5-18
  User Name: NT AUTHORITY\SYSTEM
  Computer: BlueRain
  Description: 
Initiating changes for package KB777778. Current state is Superseded. Target state is Absent. Client id: Arbiter.

Event[34]
  Log Name: Setup
  Source: Microsoft-Windows-Servicing
  Date: 2023-03-19T22:51:11.7010000Z
  Event ID: 1
  Task: N/A
  Level: 정보
  Opcode: 정보 
  Keyword: N/A
  User: S-1-5-18
  User Name: NT AUTHORITY\SYSTEM
  Computer: BlueRain
  Description: 
Initiating changes for package KB777778. Current state is Superseded. Target state is Absent. Client id: Arbiter.

Event[35]
  Log Name: Setup
  Source: Microsoft-Windows-Servicing
  Date: 2023-03-19T22:51:13.6990000Z
  Event ID: 1
  Task: N/A
  Level: 정보
  Opcode: 정보 
  Keyword: N/A
  User: S-1-5-18
  User Name: NT AUTHORITY\SYSTEM
  Computer: BlueRain
  Description: 
Initiating changes for package KB777778. Current state is Superseded. Target state is Absent. Client id: Arbiter.

Event[36]
  Log Name: Setup
  Source: Microsoft-Windows-Servicing
  Date: 2023-03-19T22:51:15.8170000Z
  Event ID: 1
  Task: N/A
  Level: 정보
  Opcode: 정보 
  Keyword: N/A
  User: S-1-5-18
  User Name: NT AUTHORITY\SYSTEM
  Computer: BlueRain
  Description: 
Initiating changes for package KB777778. Current state is Superseded. Target state is Absent. Client id: Arbiter.

Event[37]
  Log Name: Setup
  Source: Microsoft-Windows-Servicing
  Date: 2023-03-19T22:51:17.8690000Z
  Event ID: 1
  Task: N/A
  Level: 정보
  Opcode: 정보 
  Keyword: N/A
  User: S-1-5-18
  User Name: NT AUTHORITY\SYSTEM
  Computer: BlueRain
  Description: 
Initiating changes for package KB777778. Current state is Superseded. Target state is Absent. Client id: Arbiter.

Event[38]
  Log Name: Setup
  Source: Microsoft-Windows-Servicing
  Date: 2023-03-19T22:51:19.8510000Z
  Event ID: 1
  Task: N/A
  Level: 정보
  Opcode: 정보 
  Keyword: N/A
  User: S-1-5-18
  User Name: NT AUTHORITY\SYSTEM
  Computer: BlueRain
  Description: 
Initiating changes for package KB777778. Current state is Superseded. Target state is Absent. Client id: Arbiter.

Event[39]
  Log Name: Setup
  Source: Microsoft-Windows-Servicing
  Date: 2023-03-19T22:51:22.0690000Z
  Event ID: 1
  Task: N/A
  Level: 정보
  Opcode: 정보 
  Keyword: N/A
  User: S-1-5-18
  User Name: NT AUTHORITY\SYSTEM
  Computer: BlueRain
  Description: 
Initiating changes for package KB777778. Current state is Superseded. Target state is Absent. Client id: Arbiter.

Event[40]
  Log Name: Setup
  Source: Microsoft-Windows-Servicing
  Date: 2023-03-19T22:51:24.2890000Z
  Event ID: 1
  Task: N/A
  Level: 정보
  Opcode: 정보 
  Keyword: N/A
  User: S-1-5-18
  User Name: NT AUTHORITY\SYSTEM
  Computer: BlueRain
  Description: 
Initiating changes for package KB777778. Current state is Superseded. Target state is Absent. Client id: Arbiter.

Event[41]
  Log Name: Setup
  Source: Microsoft-Windows-Servicing
  Date: 2023-03-19T22:51:26.4580000Z
  Event ID: 1
  Task: N/A
  Level: 정보
  Opcode: 정보 
  Keyword: N/A
  User: S-1-5-18
  User Name: NT AUTHORITY\SYSTEM
  Computer: BlueRain
  Description: 
Initiating changes for package KB777778. Current state is Superseded. Target state is Absent. Client id: Arbiter.

Event[42]
  Log Name: Setup
  Source: Microsoft-Windows-Servicing
  Date: 2023-03-19T22:51:28.7010000Z
  Event ID: 1
  Task: N/A
  Level: 정보
  Opcode: 정보 
  Keyword: N/A
  User: S-1-5-18
  User Name: NT AUTHORITY\SYSTEM
  Computer: BlueRain
  Description: 
Initiating changes for package KB777778. Current state is Superseded. Target state is Absent. Client id: Arbiter.

Event[43]
  Log Name: Setup
  Source: Microsoft-Windows-Servicing
  Date: 2023-03-19T22:51:31.3410000Z
  Event ID: 1
  Task: N/A
  Level: 정보
  Opcode: 정보 
  Keyword: N/A
  User: S-1-5-18
  User Name: NT AUTHORITY\SYSTEM
  Computer: BlueRain
  Description: 
Initiating changes for package KB777778. Current state is Superseded. Target state is Absent. Client id: Arbiter.

Event[44]
  Log Name: Setup
  Source: Microsoft-Windows-Servicing
  Date: 2023-03-19T22:51:33.7180000Z
  Event ID: 1
  Task: N/A
  Level: 정보
  Opcode: 정보 
  Keyword: N/A
  User: S-1-5-18
  User Name: NT AUTHORITY\SYSTEM
  Computer: BlueRain
  Description: 
Initiating changes for package KB777778. Current state is Superseded. Target state is Absent. Client id: Arbiter.

Event[45]
  Log Name: Setup
  Source: Microsoft-Windows-Servicing
  Date: 2023-03-19T22:51:36.1490000Z
  Event ID: 1
  Task: N/A
  Level: 정보
  Opcode: 정보 
  Keyword: N/A
  User: S-1-5-18
  User Name: NT AUTHORITY\SYSTEM
  Computer: BlueRain
  Description: 
Initiating changes for package KB777778. Current state is Superseded. Target state is Absent. Client id: Arbiter.

Event[46]
  Log Name: Setup
  Source: Microsoft-Windows-Servicing
  Date: 2023-03-19T22:51:38.6860000Z
  Event ID: 1
  Task: N/A
  Level: 정보
  Opcode: 정보 
  Keyword: N/A
  User: S-1-5-18
  User Name: NT AUTHORITY\SYSTEM
  Computer: BlueRain
  Description: 
Initiating changes for package KB777778. Current state is Superseded. Target state is Absent. Client id: Arbiter.

Event[47]
  Log Name: Setup
  Source: Microsoft-Windows-Servicing
  Date: 2023-03-19T22:51:41.1290000Z
  Event ID: 1
  Task: N/A
  Level: 정보
  Opcode: 정보 
  Keyword: N/A
  User: S-1-5-18
  User Name: NT AUTHORITY\SYSTEM
  Computer: BlueRain
  Description: 
Initiating changes for package KB777778. Current state is Superseded. Target state is Absent. Client id: Arbiter.

Event[48]
  Log Name: Setup
  Source: Microsoft-Windows-Servicing
  Date: 2023-03-19T22:51:43.7430000Z
  Event ID: 1
  Task: N/A
  Level: 정보
  Opcode: 정보 
  Keyword: N/A
  User: S-1-5-18
  User Name: NT AUTHORITY\SYSTEM
  Computer: BlueRain
  Description: 
Initiating changes for package KB777778. Current state is Superseded. Target state is Absent. Client id: Arbiter.

Event[49]
  Log Name: Setup
  Source: Microsoft-Windows-Servicing
  Date: 2023-03-19T22:51:46.9210000Z
  Event ID: 1
  Task: N/A
  Level: 정보
  Opcode: 정보 
  Keyword: N/A
  User: S-1-5-18
  User Name: NT AUTHORITY\SYSTEM
  Computer: BlueRain
  Description: 
Initiating changes for package KB777778. Current state is Superseded. Target state is Absent. Client id: Arbiter.

Event[50]
  Log Name: Setup
  Source: Microsoft-Windows-Servicing
  Date: 2023-03-19T22:51:49.8020000Z
  Event ID: 1
  Task: N/A
  Level: 정보
  Opcode: 정보 
  Keyword: N/A
  User: S-1-5-18
  User Name: NT AUTHORITY\SYSTEM
  Computer: BlueRain
  Description: 
Initiating changes for package KB777778. Current state is Superseded. Target state is Absent. Client id: Arbiter.

Event[51]
  Log Name: Setup
  Source: Microsoft-Windows-Servicing
  Date: 2023-03-19T22:51:52.6180000Z
  Event ID: 1
  Task: N/A
  Level: 정보
  Opcode: 정보 
  Keyword: N/A
  User: S-1-5-18
  User Name: NT AUTHORITY\SYSTEM
  Computer: BlueRain
  Description: 
Initiating changes for package KB777778. Current state is Superseded. Target state is Absent. Client id: Arbiter.

Event[52]
  Log Name: Setup
  Source: Microsoft-Windows-Servicing
  Date: 2023-03-19T22:51:55.4570000Z
  Event ID: 1
  Task: N/A
  Level: 정보
  Opcode: 정보 
  Keyword: N/A
  User: S-1-5-18
  User Name: NT AUTHORITY\SYSTEM
  Computer: BlueRain
  Description: 
Initiating changes for package KB777778. Current state is Superseded. Target state is Absent. Client id: Arbiter.

Event[53]
  Log Name: Setup
  Source: Microsoft-Windows-Servicing
  Date: 2023-03-19T22:51:58.3200000Z
  Event ID: 1
  Task: N/A
  Level: 정보
  Opcode: 정보 
  Keyword: N/A
  User: S-1-5-18
  User Name: NT AUTHORITY\SYSTEM
  Computer: BlueRain
  Description: 
Initiating changes for package KB777778. Current state is Superseded. Target state is Absent. Client id: Arbiter.

Event[54]
  Log Name: Setup
  Source: Microsoft-Windows-Servicing
  Date: 2023-03-19T22:52:01.7550000Z
  Event ID: 1
  Task: N/A
  Level: 정보
  Opcode: 정보 
  Keyword: N/A
  User: S-1-5-18
  User Name: NT AUTHORITY\SYSTEM
  Computer: BlueRain
  Description: 
Initiating changes for package KB777778. Current state is Superseded. Target state is Absent. Client id: Arbiter.

Event[55]
  Log Name: Setup
  Source: Microsoft-Windows-Servicing
  Date: 2023-03-19T22:52:05.0620000Z
  Event ID: 1
  Task: N/A
  Level: 정보
  Opcode: 정보 
  Keyword: N/A
  User: S-1-5-18
  User Name: NT AUTHORITY\SYSTEM
  Computer: BlueRain
  Description: 
Initiating changes for package KB777778. Current state is Superseded. Target state is Absent. Client id: Arbiter.

Event[56]
  Log Name: Setup
  Source: Microsoft-Windows-Servicing
  Date: 2023-03-19T22:52:08.1980000Z
  Event ID: 1
  Task: N/A
  Level: 정보
  Opcode: 정보 
  Keyword: N/A
  User: S-1-5-18
  User Name: NT AUTHORITY\SYSTEM
  Computer: BlueRain
  Description: 
Initiating changes for package KB777778. Current state is Superseded. Target state is Absent. Client id: Arbiter.

Event[57]
  Log Name: Setup
  Source: Microsoft-Windows-Servicing
  Date: 2023-03-19T22:52:11.3120000Z
  Event ID: 1
  Task: N/A
  Level: 정보
  Opcode: 정보 
  Keyword: N/A
  User: S-1-5-18
  User Name: NT AUTHORITY\SYSTEM
  Computer: BlueRain
  Description: 
Initiating changes for package KB777778. Current state is Superseded. Target state is Absent. Client id: Arbiter.

Event[58]
  Log Name: Setup
  Source: Microsoft-Windows-Servicing
  Date: 2023-03-19T22:52:14.4110000Z
  Event ID: 1
  Task: N/A
  Level: 정보
  Opcode: 정보 
  Keyword: N/A
  User: S-1-5-18
  User Name: NT AUTHORITY\SYSTEM
  Computer: BlueRain
  Description: 
Initiating changes for package KB777778. Current state is Superseded. Target state is Absent. Client id: Arbiter.

Event[59]
  Log Name: Setup
  Source: Microsoft-Windows-Servicing
  Date: 2023-03-19T22:52:17.5440000Z
  Event ID: 1
  Task: N/A
  Level: 정보
  Opcode: 정보 
  Keyword: N/A
  User: S-1-5-18
  User Name: NT AUTHORITY\SYSTEM
  Computer: BlueRain
  Description: 
Initiating changes for package KB777778. Current state is Superseded. Target state is Absent. Client id: Arbiter.

Event[60]
  Log Name: Setup
  Source: Microsoft-Windows-Servicing
  Date: 2023-03-19T22:52:20.8020000Z
  Event ID: 1
  Task: N/A
  Level: 정보
  Opcode: 정보 
  Keyword: N/A
  User: S-1-5-18
  User Name: NT AUTHORITY\SYSTEM
  Computer: BlueRain
  Description: 
Initiating changes for package KB777778. Current state is Superseded. Target state is Absent. Client id: Arbiter.

Event[61]
  Log Name: Setup
  Source: Microsoft-Windows-Servicing
  Date: 2023-03-19T22:52:24.1140000Z
  Event ID: 1
  Task: N/A
  Level: 정보
  Opcode: 정보 
  Keyword: N/A
  User: S-1-5-18
  User Name: NT AUTHORITY\SYSTEM
  Computer: BlueRain
  Description: 
Initiating changes for package KB777778. Current state is Superseded. Target state is Absent. Client id: Arbiter.

Event[62]
  Log Name: Setup
  Source: Microsoft-Windows-Servicing
  Date: 2023-03-19T22:52:27.8320000Z
  Event ID: 1
  Task: N/A
  Level: 정보
  Opcode: 정보 
  Keyword: N/A
  User: S-1-5-18
  User Name: NT AUTHORITY\SYSTEM
  Computer: BlueRain
  Description: 
Initiating changes for package KB777778. Current state is Superseded. Target state is Absent. Client id: Arbiter.

Event[63]
